# JRE version: Java(TM) SE Runtime Environment (17.0.12+8) (build 17.0.12+8-LTS-286)
# Java VM: Java HotSpot(TM) 64-Bit Server VM (17.0.12+8-LTS-286, mixed mode, sharing, tiered, compressed oops, compressed class ptrs, g1 gc, windows-amd64)
GC Precious Log:
 CPUs: 2 total, 2 available
 Memory: 3899M
 Large Page Support: Disabled
 NUMA Support: Disabled
 Compressed Oops: Enabled (32-bit)
 Heap Region Size: 1M
 Heap Min Capacity: 8M
 Heap Initial Capacity: 62M
 Heap Max Capacity: 976M
 Pre-touch: Disabled
 Parallel Workers: 2
 Concurrent Workers: 1
 Concurrent Refinement Workers: 2
 Periodic GC: Disabled
Heap:
 garbage-first heap   total 87040K, used 53248K [0x00000000c3000000, 0x0000000100000000)
  region size 1024K, 1 young (1024K), 1 survivors (1024K)
 Metaspace       used 28612K, committed 28992K, reserved 1114112K
  class space    used 3162K, committed 3328K, reserved 1048576K
GC Heap History (20 events):
Event: 9.608 GC heap after
{Heap after GC invocations=12 (full 0):
 garbage-first heap   total 84992K, used 40697K [0x00000000c3000000, 0x0000000100000000)
  region size 1024K, 5 young (5120K), 5 survivors (5120K)
 Metaspace       used 23522K, committed 23744K, reserved 1114112K
  class space    used 2642K, committed 2752K, reserved 1048576K
}
Event: 10.029 GC heap before
{Heap before GC invocations=12 (full 0):
 garbage-first heap   total 84992K, used 55033K [0x00000000c3000000, 0x0000000100000000)
  region size 1024K, 20 young (20480K), 5 survivors (5120K)
 Metaspace       used 23715K, committed 23936K, reserved 1114112K
  class space    used 2650K, committed 2752K, reserved 1048576K
}
Event: 10.049 GC heap after
{Heap after GC invocations=13 (full 0):
 garbage-first heap   total 84992K, used 43837K [0x00000000c3000000, 0x0000000100000000)
  region size 1024K, 3 young (3072K), 3 survivors (3072K)
 Metaspace       used 23715K, committed 23936K, reserved 1114112K
  class space    used 2650K, committed 2752K, reserved 1048576K
}
Event: 11.199 GC heap before
{Heap before GC invocations=14 (full 0):
 garbage-first heap   total 84992K, used 61245K [0x00000000c3000000, 0x0000000100000000)
  region size 1024K, 22 young (22528K), 3 survivors (3072K)
 Metaspace       used 24770K, committed 25088K, reserved 1114112K
  class space    used 2765K, committed 2944K, reserved 1048576K
}
Event: 11.209 GC heap after
{Heap after GC invocations=15 (full 0):
 garbage-first heap   total 84992K, used 43997K [0x00000000c3000000, 0x0000000100000000)
  region size 1024K, 2 young (2048K), 2 survivors (2048K)
 Metaspace       used 24770K, committed 25088K, reserved 1114112K
  class space    used 2765K, committed 2944K, reserved 1048576K
}
Event: 11.945 GC heap before
{Heap before GC invocations=15 (full 0):
 garbage-first heap   total 84992K, used 63453K [0x00000000c3000000, 0x0000000100000000)
  region size 1024K, 22 young (22528K), 2 survivors (2048K)
 Metaspace       used 25888K, committed 26176K, reserved 1114112K
  class space    used 2877K, committed 3008K, reserved 1048576K
}
Event: 11.952 GC heap after
{Heap after GC invocations=16 (full 0):
 garbage-first heap   total 84992K, used 44630K [0x00000000c3000000, 0x0000000100000000)
  region size 1024K, 1 young (1024K), 1 survivors (1024K)
 Metaspace       used 25888K, committed 26176K, reserved 1114112K
  class space    used 2877K, committed 3008K, reserved 1048576K
}
Event: 12.606 GC heap before
{Heap before GC invocations=17 (full 0):
 garbage-first heap   total 84992K, used 66134K [0x00000000c3000000, 0x0000000100000000)
  region size 1024K, 22 young (22528K), 1 survivors (1024K)
 Metaspace       used 26506K, committed 26816K, reserved 1114112K
  class space    used 2953K, committed 3136K, reserved 1048576K
}
Event: 12.612 GC heap after
{Heap after GC invocations=18 (full 0):
 garbage-first heap   total 84992K, used 45385K [0x00000000c3000000, 0x0000000100000000)
  region size 1024K, 2 young (2048K), 2 survivors (2048K)
 Metaspace       used 26506K, committed 26816K, reserved 1114112K
  class space    used 2953K, committed 3136K, reserved 1048576K
}
Event: 13.298 GC heap before
{Heap before GC invocations=18 (full 0):
 garbage-first heap   total 84992K, used 66889K [0x00000000c3000000, 0x0000000100000000)
  region size 1024K, 23 young (23552K), 2 survivors (2048K)
 Metaspace       used 26806K, committed 27136K, reserved 1114112K
  class space    used 2956K, committed 3136K, reserved 1048576K
}
Event: 13.308 GC heap after
{Heap after GC invocations=19 (full 0):
 garbage-first heap   total 84992K, used 45494K [0x00000000c3000000, 0x0000000100000000)
  region size 1024K, 2 young (2048K), 2 survivors (2048K)
 Metaspace       used 26806K, committed 27136K, reserved 1114112K
  class space    used 2956K, committed 3136K, reserved 1048576K
}
Event: 16.592 GC heap before
{Heap before GC invocations=20 (full 0):
 garbage-first heap   total 84992K, used 68022K [0x00000000c3000000, 0x0000000100000000)
  region size 1024K, 24 young (24576K), 2 survivors (2048K)
 Metaspace       used 28561K, committed 28928K, reserved 1114112K
  class space    used 3162K, committed 3328K, reserved 1048576K
}
Event: 16.611 GC heap after
{Heap after GC invocations=21 (full 0):
 garbage-first heap   total 84992K, used 45874K [0x00000000c3000000, 0x0000000100000000)
  region size 1024K, 3 young (3072K), 3 survivors (3072K)
 Metaspace       used 28561K, committed 28928K, reserved 1114112K
  class space    used 3162K, committed 3328K, reserved 1048576K
}
Event: 16.934 GC heap before
{Heap before GC invocations=21 (full 0):
 garbage-first heap   total 84992K, used 48946K [0x00000000c3000000, 0x0000000100000000)
  region size 1024K, 7 young (7168K), 3 survivors (3072K)
 Metaspace       used 28577K, committed 28928K, reserved 1114112K
  class space    used 3162K, committed 3328K, reserved 1048576K
}
Event: 16.942 GC heap after
{Heap after GC invocations=22 (full 0):
 garbage-first heap   total 84992K, used 46162K [0x00000000c3000000, 0x0000000100000000)
  region size 1024K, 2 young (2048K), 2 survivors (2048K)
 Metaspace       used 28577K, committed 28928K, reserved 1114112K
  class space    used 3162K, committed 3328K, reserved 1048576K
}
Event: 17.515 GC heap before
{Heap before GC invocations=23 (full 0):
 garbage-first heap   total 84992K, used 71762K [0x00000000c3000000, 0x0000000100000000)
  region size 1024K, 25 young (25600K), 2 survivors (2048K)
 Metaspace       used 28610K, committed 28928K, reserved 1114112K
  class space    used 3162K, committed 3328K, reserved 1048576K
}
Event: 17.533 GC heap after
{Heap after GC invocations=24 (full 0):
 garbage-first heap   total 87040K, used 61299K [0x00000000c3000000, 0x0000000100000000)
  region size 1024K, 4 young (4096K), 4 survivors (4096K)
 Metaspace       used 28610K, committed 28928K, reserved 1114112K
  class space    used 3162K, committed 3328K, reserved 1048576K
}
Event: 17.654 GC heap before
{Heap before GC invocations=24 (full 0):
 garbage-first heap   total 87040K, used 61299K [0x00000000c3000000, 0x0000000100000000)
  region size 1024K, 5 young (5120K), 4 survivors (4096K)
 Metaspace       used 28610K, committed 28928K, reserved 1114112K
  class space    used 3162K, committed 3328K, reserved 1048576K
}
Event: 17.662 GC heap after
{Heap after GC invocations=25 (full 0):
 garbage-first heap   total 87040K, used 54981K [0x00000000c3000000, 0x0000000100000000)
  region size 1024K, 1 young (1024K), 1 survivors (1024K)
 Metaspace       used 28610K, committed 28928K, reserved 1114112K
  class space    used 3162K, committed 3328K, reserved 1048576K
}
Event: 17.998 GC heap before
{Heap before GC invocations=25 (full 0):
 garbage-first heap   total 87040K, used 57029K [0x00000000c3000000, 0x0000000100000000)
  region size 1024K, 4 young (4096K), 1 survivors (1024K)
 Metaspace       used 28612K, committed 28992K, reserved 1114112K
  class space    used 3162K, committed 3328K, reserved 1048576K
}

