# JRE version: OpenJDK Runtime Environment Temurin-17.0.12+7 (17.0.12+7) (build 17.0.12+7)
# Java VM: OpenJDK 64-Bit Server VM Temurin-17.0.12+7 (17.0.12+7, mixed mode, tiered, compressed oops, compressed class ptrs, parallel gc, windows-amd64)
GC Precious Log:
 CPUs: 2 total, 2 available
 Memory: 3899M
 Large Page Support: Disabled
 NUMA Support: Disabled
 Compressed Oops: Enabled (32-bit)
 Alignments: Space 512K, Generation 512K, Heap 2M
 Heap Min Capacity: 100M
 Heap Initial Capacity: 100M
 Heap Max Capacity: 1G
 Pre-touch: Disabled
 Parallel Workers: 2
Heap:
 PSYoungGen      total 20480K, used 18310K [0x00000000eab00000, 0x00000000ec900000, 0x0000000100000000)
  eden space 12288K, 82% used [0x00000000eab00000,0x00000000eb4e61a0,0x00000000eb700000)
  from space 8192K, 99% used [0x00000000eb780000,0x00000000ebf7ba28,0x00000000ebf80000)
  to   space 9216K, 0% used [0x00000000ec000000,0x00000000ec000000,0x00000000ec900000)
 ParOldGen       total 138240K, used 113855K [0x00000000c0000000, 0x00000000c8700000, 0x00000000eab00000)
  object space 138240K, 82% used [0x00000000c0000000,0x00000000c6f2fd58,0x00000000c8700000)
 Metaspace       used 74418K, committed 75904K, reserved 1179648K
  class space    used 7668K, committed 8320K, reserved 1048576K
GC Heap History (20 events):
Event: 53.394 GC heap before
{Heap before GC invocations=112 (full 6):
 PSYoungGen      total 16384K, used 16365K [0x00000000eab00000, 0x00000000ec080000, 0x0000000100000000)
  eden space 12800K, 100% used [0x00000000eab00000,0x00000000eb780000,0x00000000eb780000)
  from space 3584K, 99% used [0x00000000eb780000,0x00000000ebafb408,0x00000000ebb00000)
  to   space 4608K, 0% used [0x00000000ebc00000,0x00000000ebc00000,0x00000000ec080000)
 ParOldGen       total 138240K, used 106214K [0x00000000c0000000, 0x00000000c8700000, 0x00000000eab00000)
  object space 138240K, 76% used [0x00000000c0000000,0x00000000c67b9820,0x00000000c8700000)
 Metaspace       used 73349K, committed 74816K, reserved 1179648K
  class space    used 7555K, committed 8192K, reserved 1048576K
}
Event: 53.403 GC heap after
{Heap after GC invocations=112 (full 6):
 PSYoungGen      total 16896K, used 4589K [0x00000000eab00000, 0x00000000ec180000, 0x0000000100000000)
  eden space 12288K, 0% used [0x00000000eab00000,0x00000000eab00000,0x00000000eb700000)
  from space 4608K, 99% used [0x00000000ebc00000,0x00000000ec07b408,0x00000000ec080000)
  to   space 5120K, 0% used [0x00000000eb700000,0x00000000eb700000,0x00000000ebc00000)
 ParOldGen       total 138240K, used 106498K [0x00000000c0000000, 0x00000000c8700000, 0x00000000eab00000)
  object space 138240K, 77% used [0x00000000c0000000,0x00000000c68008b0,0x00000000c8700000)
 Metaspace       used 73349K, committed 74816K, reserved 1179648K
  class space    used 7555K, committed 8192K, reserved 1048576K
}
Event: 54.033 GC heap before
{Heap before GC invocations=113 (full 6):
 PSYoungGen      total 16896K, used 16876K [0x00000000eab00000, 0x00000000ec180000, 0x0000000100000000)
  eden space 12288K, 99% used [0x00000000eab00000,0x00000000eb6ffcc8,0x00000000eb700000)
  from space 4608K, 99% used [0x00000000ebc00000,0x00000000ec07b408,0x00000000ec080000)
  to   space 5120K, 0% used [0x00000000eb700000,0x00000000eb700000,0x00000000ebc00000)
 ParOldGen       total 138240K, used 106498K [0x00000000c0000000, 0x00000000c8700000, 0x00000000eab00000)
  object space 138240K, 77% used [0x00000000c0000000,0x00000000c68008b0,0x00000000c8700000)
 Metaspace       used 73426K, committed 74880K, reserved 1179648K
  class space    used 7567K, committed 8192K, reserved 1048576K
}
Event: 54.043 GC heap after
{Heap after GC invocations=113 (full 6):
 PSYoungGen      total 17408K, used 5111K [0x00000000eab00000, 0x00000000ec400000, 0x0000000100000000)
  eden space 12288K, 0% used [0x00000000eab00000,0x00000000eab00000,0x00000000eb700000)
  from space 5120K, 99% used [0x00000000eb700000,0x00000000ebbfdf60,0x00000000ebc00000)
  to   space 6656K, 0% used [0x00000000ebd80000,0x00000000ebd80000,0x00000000ec400000)
 ParOldGen       total 138240K, used 107370K [0x00000000c0000000, 0x00000000c8700000, 0x00000000eab00000)
  object space 138240K, 77% used [0x00000000c0000000,0x00000000c68dabd0,0x00000000c8700000)
 Metaspace       used 73426K, committed 74880K, reserved 1179648K
  class space    used 7567K, committed 8192K, reserved 1048576K
}
Event: 54.775 GC heap before
{Heap before GC invocations=114 (full 6):
 PSYoungGen      total 17408K, used 17399K [0x00000000eab00000, 0x00000000ec400000, 0x0000000100000000)
  eden space 12288K, 100% used [0x00000000eab00000,0x00000000eb700000,0x00000000eb700000)
  from space 5120K, 99% used [0x00000000eb700000,0x00000000ebbfdf60,0x00000000ebc00000)
  to   space 6656K, 0% used [0x00000000ebd80000,0x00000000ebd80000,0x00000000ec400000)
 ParOldGen       total 138240K, used 107370K [0x00000000c0000000, 0x00000000c8700000, 0x00000000eab00000)
  object space 138240K, 77% used [0x00000000c0000000,0x00000000c68dabd0,0x00000000c8700000)
 Metaspace       used 73572K, committed 75008K, reserved 1179648K
  class space    used 7578K, committed 8192K, reserved 1048576K
}
Event: 54.785 GC heap after
{Heap after GC invocations=114 (full 6):
 PSYoungGen      total 17920K, used 5592K [0x00000000eab00000, 0x00000000ec300000, 0x0000000100000000)
  eden space 12288K, 0% used [0x00000000eab00000,0x00000000eab00000,0x00000000eb700000)
  from space 5632K, 99% used [0x00000000ebd80000,0x00000000ec2f60a8,0x00000000ec300000)
  to   space 6144K, 0% used [0x00000000eb700000,0x00000000eb700000,0x00000000ebd00000)
 ParOldGen       total 138240K, used 107378K [0x00000000c0000000, 0x00000000c8700000, 0x00000000eab00000)
  object space 138240K, 77% used [0x00000000c0000000,0x00000000c68dcbd0,0x00000000c8700000)
 Metaspace       used 73572K, committed 75008K, reserved 1179648K
  class space    used 7578K, committed 8192K, reserved 1048576K
}
Event: 55.332 GC heap before
{Heap before GC invocations=115 (full 6):
 PSYoungGen      total 17920K, used 17880K [0x00000000eab00000, 0x00000000ec300000, 0x0000000100000000)
  eden space 12288K, 100% used [0x00000000eab00000,0x00000000eb700000,0x00000000eb700000)
  from space 5632K, 99% used [0x00000000ebd80000,0x00000000ec2f60a8,0x00000000ec300000)
  to   space 6144K, 0% used [0x00000000eb700000,0x00000000eb700000,0x00000000ebd00000)
 ParOldGen       total 138240K, used 107439K [0x00000000c0000000, 0x00000000c8700000, 0x00000000eab00000)
  object space 138240K, 77% used [0x00000000c0000000,0x00000000c68ebf80,0x00000000c8700000)
 Metaspace       used 73738K, committed 75136K, reserved 1179648K
  class space    used 7603K, committed 8192K, reserved 1048576K
}
Event: 55.342 GC heap after
{Heap after GC invocations=115 (full 6):
 PSYoungGen      total 18432K, used 6118K [0x00000000eab00000, 0x00000000ec500000, 0x0000000100000000)
  eden space 12288K, 0% used [0x00000000eab00000,0x00000000eab00000,0x00000000eb700000)
  from space 6144K, 99% used [0x00000000eb700000,0x00000000ebcf9aa8,0x00000000ebd00000)
  to   space 7168K, 0% used [0x00000000ebe00000,0x00000000ebe00000,0x00000000ec500000)
 ParOldGen       total 138240K, used 107898K [0x00000000c0000000, 0x00000000c8700000, 0x00000000eab00000)
  object space 138240K, 78% used [0x00000000c0000000,0x00000000c695eb88,0x00000000c8700000)
 Metaspace       used 73738K, committed 75136K, reserved 1179648K
  class space    used 7603K, committed 8192K, reserved 1048576K
}
Event: 56.187 GC heap before
{Heap before GC invocations=116 (full 6):
 PSYoungGen      total 18432K, used 18406K [0x00000000eab00000, 0x00000000ec500000, 0x0000000100000000)
  eden space 12288K, 100% used [0x00000000eab00000,0x00000000eb700000,0x00000000eb700000)
  from space 6144K, 99% used [0x00000000eb700000,0x00000000ebcf9aa8,0x00000000ebd00000)
  to   space 7168K, 0% used [0x00000000ebe00000,0x00000000ebe00000,0x00000000ec500000)
 ParOldGen       total 138240K, used 107901K [0x00000000c0000000, 0x00000000c8700000, 0x00000000eab00000)
  object space 138240K, 78% used [0x00000000c0000000,0x00000000c695f750,0x00000000c8700000)
 Metaspace       used 74386K, committed 75840K, reserved 1179648K
  class space    used 7668K, committed 8320K, reserved 1048576K
}
Event: 56.203 GC heap after
{Heap after GC invocations=116 (full 6):
 PSYoungGen      total 19456K, used 6611K [0x00000000eab00000, 0x00000000ec500000, 0x0000000100000000)
  eden space 12288K, 0% used [0x00000000eab00000,0x00000000eab00000,0x00000000eb700000)
  from space 7168K, 92% used [0x00000000ebe00000,0x00000000ec474e38,0x00000000ec500000)
  to   space 7168K, 0% used [0x00000000eb700000,0x00000000eb700000,0x00000000ebe00000)
 ParOldGen       total 138240K, used 107981K [0x00000000c0000000, 0x00000000c8700000, 0x00000000eab00000)
  object space 138240K, 78% used [0x00000000c0000000,0x00000000c6973750,0x00000000c8700000)
 Metaspace       used 74386K, committed 75840K, reserved 1179648K
  class space    used 7668K, committed 8320K, reserved 1048576K
}
Event: 56.312 GC heap before
{Heap before GC invocations=117 (full 6):
 PSYoungGen      total 19456K, used 18899K [0x00000000eab00000, 0x00000000ec500000, 0x0000000100000000)
  eden space 12288K, 100% used [0x00000000eab00000,0x00000000eb700000,0x00000000eb700000)
  from space 7168K, 92% used [0x00000000ebe00000,0x00000000ec474e38,0x00000000ec500000)
  to   space 7168K, 0% used [0x00000000eb700000,0x00000000eb700000,0x00000000ebe00000)
 ParOldGen       total 138240K, used 107981K [0x00000000c0000000, 0x00000000c8700000, 0x00000000eab00000)
  object space 138240K, 78% used [0x00000000c0000000,0x00000000c6973750,0x00000000c8700000)
 Metaspace       used 74411K, committed 75904K, reserved 1179648K
  class space    used 7668K, committed 8320K, reserved 1048576K
}
Event: 56.324 GC heap after
{Heap after GC invocations=117 (full 6):
 PSYoungGen      total 19456K, used 7167K [0x00000000eab00000, 0x00000000ec800000, 0x0000000100000000)
  eden space 12288K, 0% used [0x00000000eab00000,0x00000000eab00000,0x00000000eb700000)
  from space 7168K, 99% used [0x00000000eb700000,0x00000000ebdffe40,0x00000000ebe00000)
  to   space 8704K, 0% used [0x00000000ebf80000,0x00000000ebf80000,0x00000000ec800000)
 ParOldGen       total 138240K, used 109101K [0x00000000c0000000, 0x00000000c8700000, 0x00000000eab00000)
  object space 138240K, 78% used [0x00000000c0000000,0x00000000c6a8b750,0x00000000c8700000)
 Metaspace       used 74411K, committed 75904K, reserved 1179648K
  class space    used 7668K, committed 8320K, reserved 1048576K
}
Event: 56.404 GC heap before
{Heap before GC invocations=118 (full 6):
 PSYoungGen      total 19456K, used 19455K [0x00000000eab00000, 0x00000000ec800000, 0x0000000100000000)
  eden space 12288K, 100% used [0x00000000eab00000,0x00000000eb700000,0x00000000eb700000)
  from space 7168K, 99% used [0x00000000eb700000,0x00000000ebdffe40,0x00000000ebe00000)
  to   space 8704K, 0% used [0x00000000ebf80000,0x00000000ebf80000,0x00000000ec800000)
 ParOldGen       total 138240K, used 109101K [0x00000000c0000000, 0x00000000c8700000, 0x00000000eab00000)
  object space 138240K, 78% used [0x00000000c0000000,0x00000000c6a8b750,0x00000000c8700000)
 Metaspace       used 74411K, committed 75904K, reserved 1179648K
  class space    used 7668K, committed 8320K, reserved 1048576K
}
Event: 56.417 GC heap after
{Heap after GC invocations=118 (full 6):
 PSYoungGen      total 19968K, used 7218K [0x00000000eab00000, 0x00000000ec700000, 0x0000000100000000)
  eden space 12288K, 0% used [0x00000000eab00000,0x00000000eab00000,0x00000000eb700000)
  from space 7680K, 93% used [0x00000000ebf80000,0x00000000ec68ca38,0x00000000ec700000)
  to   space 7680K, 0% used [0x00000000eb800000,0x00000000eb800000,0x00000000ebf80000)
 ParOldGen       total 138240K, used 110533K [0x00000000c0000000, 0x00000000c8700000, 0x00000000eab00000)
  object space 138240K, 79% used [0x00000000c0000000,0x00000000c6bf17a0,0x00000000c8700000)
 Metaspace       used 74411K, committed 75904K, reserved 1179648K
  class space    used 7668K, committed 8320K, reserved 1048576K
}
Event: 56.504 GC heap before
{Heap before GC invocations=119 (full 6):
 PSYoungGen      total 19968K, used 19506K [0x00000000eab00000, 0x00000000ec700000, 0x0000000100000000)
  eden space 12288K, 100% used [0x00000000eab00000,0x00000000eb700000,0x00000000eb700000)
  from space 7680K, 93% used [0x00000000ebf80000,0x00000000ec68ca38,0x00000000ec700000)
  to   space 7680K, 0% used [0x00000000eb800000,0x00000000eb800000,0x00000000ebf80000)
 ParOldGen       total 138240K, used 110533K [0x00000000c0000000, 0x00000000c8700000, 0x00000000eab00000)
  object space 138240K, 79% used [0x00000000c0000000,0x00000000c6bf17a0,0x00000000c8700000)
 Metaspace       used 74411K, committed 75904K, reserved 1179648K
  class space    used 7668K, committed 8320K, reserved 1048576K
}
Event: 56.516 GC heap after
{Heap after GC invocations=119 (full 6):
 PSYoungGen      total 19968K, used 7662K [0x00000000eab00000, 0x00000000ec900000, 0x0000000100000000)
  eden space 12288K, 0% used [0x00000000eab00000,0x00000000eab00000,0x00000000eb700000)
  from space 7680K, 99% used [0x00000000eb800000,0x00000000ebf7ba28,0x00000000ebf80000)
  to   space 9216K, 0% used [0x00000000ec000000,0x00000000ec000000,0x00000000ec900000)
 ParOldGen       total 138240K, used 111626K [0x00000000c0000000, 0x00000000c8700000, 0x00000000eab00000)
  object space 138240K, 80% used [0x00000000c0000000,0x00000000c6d02b50,0x00000000c8700000)
 Metaspace       used 74411K, committed 75904K, reserved 1179648K
  class space    used 7668K, committed 8320K, reserved 1048576K
}
Event: 56.668 GC heap before
{Heap before GC invocations=120 (full 6):
 PSYoungGen      total 19968K, used 19950K [0x00000000eab00000, 0x00000000ec900000, 0x0000000100000000)
  eden space 12288K, 100% used [0x00000000eab00000,0x00000000eb700000,0x00000000eb700000)
  from space 7680K, 99% used [0x00000000eb800000,0x00000000ebf7ba28,0x00000000ebf80000)
  to   space 9216K, 0% used [0x00000000ec000000,0x00000000ec000000,0x00000000ec900000)
 ParOldGen       total 138240K, used 111626K [0x00000000c0000000, 0x00000000c8700000, 0x00000000eab00000)
  object space 138240K, 80% used [0x00000000c0000000,0x00000000c6d02b50,0x00000000c8700000)
 Metaspace       used 74411K, committed 75904K, reserved 1179648K
  class space    used 7668K, committed 8320K, reserved 1048576K
}
Event: 56.682 GC heap after
{Heap after GC invocations=120 (full 6):
 PSYoungGen      total 19968K, used 7518K [0x00000000eab00000, 0x00000000ec780000, 0x0000000100000000)
  eden space 12288K, 0% used [0x00000000eab00000,0x00000000eab00000,0x00000000eb700000)
  from space 7680K, 97% used [0x00000000ec000000,0x00000000ec757a38,0x00000000ec780000)
  to   space 8192K, 0% used [0x00000000eb780000,0x00000000eb780000,0x00000000ebf80000)
 ParOldGen       total 138240K, used 113218K [0x00000000c0000000, 0x00000000c8700000, 0x00000000eab00000)
  object space 138240K, 81% used [0x00000000c0000000,0x00000000c6e90b50,0x00000000c8700000)
 Metaspace       used 74411K, committed 75904K, reserved 1179648K
  class space    used 7668K, committed 8320K, reserved 1048576K
}
Event: 58.010 GC heap before
{Heap before GC invocations=121 (full 6):
 PSYoungGen      total 19968K, used 19806K [0x00000000eab00000, 0x00000000ec780000, 0x0000000100000000)
  eden space 12288K, 100% used [0x00000000eab00000,0x00000000eb700000,0x00000000eb700000)
  from space 7680K, 97% used [0x00000000ec000000,0x00000000ec757a38,0x00000000ec780000)
  to   space 8192K, 0% used [0x00000000eb780000,0x00000000eb780000,0x00000000ebf80000)
 ParOldGen       total 138240K, used 113218K [0x00000000c0000000, 0x00000000c8700000, 0x00000000eab00000)
  object space 138240K, 81% used [0x00000000c0000000,0x00000000c6e90b50,0x00000000c8700000)
 Metaspace       used 74415K, committed 75904K, reserved 1179648K
  class space    used 7668K, committed 8320K, reserved 1048576K
}
Event: 58.022 GC heap after
{Heap after GC invocations=121 (full 6):
 PSYoungGen      total 20480K, used 8174K [0x00000000eab00000, 0x00000000ec900000, 0x0000000100000000)
  eden space 12288K, 0% used [0x00000000eab00000,0x00000000eab00000,0x00000000eb700000)
  from space 8192K, 99% used [0x00000000eb780000,0x00000000ebf7ba28,0x00000000ebf80000)
  to   space 9216K, 0% used [0x00000000ec000000,0x00000000ec000000,0x00000000ec900000)
 ParOldGen       total 138240K, used 113855K [0x00000000c0000000, 0x00000000c8700000, 0x00000000eab00000)
  object space 138240K, 82% used [0x00000000c0000000,0x00000000c6f2fd58,0x00000000c8700000)
 Metaspace       used 74415K, committed 75904K, reserved 1179648K
  class space    used 7668K, committed 8320K, reserved 1048576K
}

