# JRE version: OpenJDK Runtime Environment Temurin-17.0.12+7 (17.0.12+7) (build 17.0.12+7)
# Java VM: OpenJDK 64-Bit Server VM Temurin-17.0.12+7 (17.0.12+7, mixed mode, tiered, compressed oops, compressed class ptrs, parallel gc, windows-amd64)
GC Precious Log:
 CPUs: 2 total, 2 available
 Memory: 3899M
 Large Page Support: Disabled
 NUMA Support: Disabled
 Compressed Oops: Enabled (32-bit)
 Alignments: Space 512K, Generation 512K, Heap 2M
 Heap Min Capacity: 100M
 Heap Initial Capacity: 100M
 Heap Max Capacity: 1G
 Pre-touch: Disabled
 Parallel Workers: 2
Heap:
 PSYoungGen      total 20480K, used 14407K [0x00000000eab00000, 0x00000000ec000000, 0x0000000100000000)
  eden space 18432K, 74% used [0x00000000eab00000,0x00000000eb871f10,0x00000000ebd00000)
  from space 2048K, 31% used [0x00000000ebd00000,0x00000000ebda0000,0x00000000ebf00000)
  to   space 1024K, 0% used [0x00000000ebf00000,0x00000000ebf00000,0x00000000ec000000)
 ParOldGen       total 68608K, used 36665K [0x00000000c0000000, 0x00000000c4300000, 0x00000000eab00000)
  object space 68608K, 53% used [0x00000000c0000000,0x00000000c23ce7e0,0x00000000c4300000)
 Metaspace       used 62154K, committed 63424K, reserved 1114112K
  class space    used 6617K, committed 7168K, reserved 1048576K
GC Heap History (20 events):
Event: 30.108 GC heap before
{Heap before GC invocations=25 (full 2):
 PSYoungGen      total 20992K, used 20973K [0x00000000eab00000, 0x00000000ecb00000, 0x0000000100000000)
  eden space 18432K, 100% used [0x00000000eab00000,0x00000000ebd00000,0x00000000ebd00000)
  from space 2560K, 99% used [0x00000000ec280000,0x00000000ec4fb540,0x00000000ec500000)
  to   space 5632K, 0% used [0x00000000ebd00000,0x00000000ebd00000,0x00000000ec280000)
 ParOldGen       total 68608K, used 27405K [0x00000000c0000000, 0x00000000c4300000, 0x00000000eab00000)
  object space 68608K, 39% used [0x00000000c0000000,0x00000000c1ac34b0,0x00000000c4300000)
 Metaspace       used 56442K, committed 57664K, reserved 1114112K
  class space    used 6043K, committed 6592K, reserved 1048576K
}
Event: 30.115 GC heap after
{Heap after GC invocations=25 (full 2):
 PSYoungGen      total 19968K, used 1438K [0x00000000eab00000, 0x00000000ec300000, 0x0000000100000000)
  eden space 18432K, 0% used [0x00000000eab00000,0x00000000eab00000,0x00000000ebd00000)
  from space 1536K, 93% used [0x00000000ebd00000,0x00000000ebe678d8,0x00000000ebe80000)
  to   space 3072K, 0% used [0x00000000ec000000,0x00000000ec000000,0x00000000ec300000)
 ParOldGen       total 68608K, used 29032K [0x00000000c0000000, 0x00000000c4300000, 0x00000000eab00000)
  object space 68608K, 42% used [0x00000000c0000000,0x00000000c1c5a3f8,0x00000000c4300000)
 Metaspace       used 56442K, committed 57664K, reserved 1114112K
  class space    used 6043K, committed 6592K, reserved 1048576K
}
Event: 30.586 GC heap before
{Heap before GC invocations=26 (full 2):
 PSYoungGen      total 19968K, used 19870K [0x00000000eab00000, 0x00000000ec300000, 0x0000000100000000)
  eden space 18432K, 100% used [0x00000000eab00000,0x00000000ebd00000,0x00000000ebd00000)
  from space 1536K, 93% used [0x00000000ebd00000,0x00000000ebe678d8,0x00000000ebe80000)
  to   space 3072K, 0% used [0x00000000ec000000,0x00000000ec000000,0x00000000ec300000)
 ParOldGen       total 68608K, used 29032K [0x00000000c0000000, 0x00000000c4300000, 0x00000000eab00000)
  object space 68608K, 42% used [0x00000000c0000000,0x00000000c1c5a3f8,0x00000000c4300000)
 Metaspace       used 57820K, committed 59008K, reserved 1114112K
  class space    used 6213K, committed 6784K, reserved 1048576K
}
Event: 30.594 GC heap after
{Heap after GC invocations=26 (full 2):
 PSYoungGen      total 19456K, used 991K [0x00000000eab00000, 0x00000000ec100000, 0x0000000100000000)
  eden space 18432K, 0% used [0x00000000eab00000,0x00000000eab00000,0x00000000ebd00000)
  from space 1024K, 96% used [0x00000000ec000000,0x00000000ec0f7d68,0x00000000ec100000)
  to   space 1536K, 0% used [0x00000000ebe00000,0x00000000ebe00000,0x00000000ebf80000)
 ParOldGen       total 68608K, used 30413K [0x00000000c0000000, 0x00000000c4300000, 0x00000000eab00000)
  object space 68608K, 44% used [0x00000000c0000000,0x00000000c1db3420,0x00000000c4300000)
 Metaspace       used 57820K, committed 59008K, reserved 1114112K
  class space    used 6213K, committed 6784K, reserved 1048576K
}
Event: 30.855 GC heap before
{Heap before GC invocations=27 (full 2):
 PSYoungGen      total 19456K, used 19423K [0x00000000eab00000, 0x00000000ec100000, 0x0000000100000000)
  eden space 18432K, 99% used [0x00000000eab00000,0x00000000ebcfffc0,0x00000000ebd00000)
  from space 1024K, 96% used [0x00000000ec000000,0x00000000ec0f7d68,0x00000000ec100000)
  to   space 1536K, 0% used [0x00000000ebe00000,0x00000000ebe00000,0x00000000ebf80000)
 ParOldGen       total 68608K, used 30413K [0x00000000c0000000, 0x00000000c4300000, 0x00000000eab00000)
  object space 68608K, 44% used [0x00000000c0000000,0x00000000c1db3420,0x00000000c4300000)
 Metaspace       used 58491K, committed 59712K, reserved 1114112K
  class space    used 6297K, committed 6848K, reserved 1048576K
}
Event: 30.859 GC heap after
{Heap after GC invocations=27 (full 2):
 PSYoungGen      total 19968K, used 1516K [0x00000000eab00000, 0x00000000ec400000, 0x0000000100000000)
  eden space 18432K, 0% used [0x00000000eab00000,0x00000000eab00000,0x00000000ebd00000)
  from space 1536K, 98% used [0x00000000ebe00000,0x00000000ebf7b310,0x00000000ebf80000)
  to   space 3584K, 0% used [0x00000000ec080000,0x00000000ec080000,0x00000000ec400000)
 ParOldGen       total 68608K, used 31748K [0x00000000c0000000, 0x00000000c4300000, 0x00000000eab00000)
  object space 68608K, 46% used [0x00000000c0000000,0x00000000c1f01010,0x00000000c4300000)
 Metaspace       used 58491K, committed 59712K, reserved 1114112K
  class space    used 6297K, committed 6848K, reserved 1048576K
}
Event: 31.039 GC heap before
{Heap before GC invocations=28 (full 2):
 PSYoungGen      total 19968K, used 10499K [0x00000000eab00000, 0x00000000ec400000, 0x0000000100000000)
  eden space 18432K, 48% used [0x00000000eab00000,0x00000000eb3c5a98,0x00000000ebd00000)
  from space 1536K, 98% used [0x00000000ebe00000,0x00000000ebf7b310,0x00000000ebf80000)
  to   space 3584K, 0% used [0x00000000ec080000,0x00000000ec080000,0x00000000ec400000)
 ParOldGen       total 68608K, used 31748K [0x00000000c0000000, 0x00000000c4300000, 0x00000000eab00000)
  object space 68608K, 46% used [0x00000000c0000000,0x00000000c1f01010,0x00000000c4300000)
 Metaspace       used 58562K, committed 59776K, reserved 1114112K
  class space    used 6305K, committed 6848K, reserved 1048576K
}
Event: 31.042 GC heap after
{Heap after GC invocations=28 (full 2):
 PSYoungGen      total 19456K, used 726K [0x00000000eab00000, 0x00000000ec180000, 0x0000000100000000)
  eden space 18432K, 0% used [0x00000000eab00000,0x00000000eab00000,0x00000000ebd00000)
  from space 1024K, 70% used [0x00000000ec080000,0x00000000ec135ad0,0x00000000ec180000)
  to   space 1536K, 0% used [0x00000000ebe80000,0x00000000ebe80000,0x00000000ec000000)
 ParOldGen       total 68608K, used 33258K [0x00000000c0000000, 0x00000000c4300000, 0x00000000eab00000)
  object space 68608K, 48% used [0x00000000c0000000,0x00000000c207a8f8,0x00000000c4300000)
 Metaspace       used 58562K, committed 59776K, reserved 1114112K
  class space    used 6305K, committed 6848K, reserved 1048576K
}
Event: 31.042 GC heap before
{Heap before GC invocations=29 (full 3):
 PSYoungGen      total 19456K, used 726K [0x00000000eab00000, 0x00000000ec180000, 0x0000000100000000)
  eden space 18432K, 0% used [0x00000000eab00000,0x00000000eab00000,0x00000000ebd00000)
  from space 1024K, 70% used [0x00000000ec080000,0x00000000ec135ad0,0x00000000ec180000)
  to   space 1536K, 0% used [0x00000000ebe80000,0x00000000ebe80000,0x00000000ec000000)
 ParOldGen       total 68608K, used 33258K [0x00000000c0000000, 0x00000000c4300000, 0x00000000eab00000)
  object space 68608K, 48% used [0x00000000c0000000,0x00000000c207a8f8,0x00000000c4300000)
 Metaspace       used 58562K, committed 59776K, reserved 1114112K
  class space    used 6305K, committed 6848K, reserved 1048576K
}
Event: 31.206 GC heap after
{Heap after GC invocations=29 (full 3):
 PSYoungGen      total 19456K, used 0K [0x00000000eab00000, 0x00000000ec180000, 0x0000000100000000)
  eden space 18432K, 0% used [0x00000000eab00000,0x00000000eab00000,0x00000000ebd00000)
  from space 1024K, 0% used [0x00000000ec080000,0x00000000ec080000,0x00000000ec180000)
  to   space 1536K, 0% used [0x00000000ebe80000,0x00000000ebe80000,0x00000000ec000000)
 ParOldGen       total 68608K, used 30640K [0x00000000c0000000, 0x00000000c4300000, 0x00000000eab00000)
  object space 68608K, 44% used [0x00000000c0000000,0x00000000c1dec210,0x00000000c4300000)
 Metaspace       used 58562K, committed 59776K, reserved 1114112K
  class space    used 6305K, committed 6848K, reserved 1048576K
}
Event: 31.399 GC heap before
{Heap before GC invocations=30 (full 3):
 PSYoungGen      total 19456K, used 18432K [0x00000000eab00000, 0x00000000ec180000, 0x0000000100000000)
  eden space 18432K, 100% used [0x00000000eab00000,0x00000000ebd00000,0x00000000ebd00000)
  from space 1024K, 0% used [0x00000000ec080000,0x00000000ec080000,0x00000000ec180000)
  to   space 1536K, 0% used [0x00000000ebe80000,0x00000000ebe80000,0x00000000ec000000)
 ParOldGen       total 68608K, used 30643K [0x00000000c0000000, 0x00000000c4300000, 0x00000000eab00000)
  object space 68608K, 44% used [0x00000000c0000000,0x00000000c1decc10,0x00000000c4300000)
 Metaspace       used 59151K, committed 60416K, reserved 1114112K
  class space    used 6349K, committed 6912K, reserved 1048576K
}
Event: 31.404 GC heap after
{Heap after GC invocations=30 (full 3):
 PSYoungGen      total 19968K, used 923K [0x00000000eab00000, 0x00000000ec100000, 0x0000000100000000)
  eden space 18432K, 0% used [0x00000000eab00000,0x00000000eab00000,0x00000000ebd00000)
  from space 1536K, 60% used [0x00000000ebe80000,0x00000000ebf66c08,0x00000000ec000000)
  to   space 1024K, 0% used [0x00000000ec000000,0x00000000ec000000,0x00000000ec100000)
 ParOldGen       total 68608K, used 30643K [0x00000000c0000000, 0x00000000c4300000, 0x00000000eab00000)
  object space 68608K, 44% used [0x00000000c0000000,0x00000000c1decc10,0x00000000c4300000)
 Metaspace       used 59151K, committed 60416K, reserved 1114112K
  class space    used 6349K, committed 6912K, reserved 1048576K
}
Event: 31.527 GC heap before
{Heap before GC invocations=31 (full 3):
 PSYoungGen      total 19968K, used 19355K [0x00000000eab00000, 0x00000000ec100000, 0x0000000100000000)
  eden space 18432K, 100% used [0x00000000eab00000,0x00000000ebd00000,0x00000000ebd00000)
  from space 1536K, 60% used [0x00000000ebe80000,0x00000000ebf66c08,0x00000000ec000000)
  to   space 1024K, 0% used [0x00000000ec000000,0x00000000ec000000,0x00000000ec100000)
 ParOldGen       total 68608K, used 30643K [0x00000000c0000000, 0x00000000c4300000, 0x00000000eab00000)
  object space 68608K, 44% used [0x00000000c0000000,0x00000000c1decc10,0x00000000c4300000)
 Metaspace       used 59707K, committed 60992K, reserved 1114112K
  class space    used 6409K, committed 6976K, reserved 1048576K
}
Event: 31.533 GC heap after
{Heap after GC invocations=31 (full 3):
 PSYoungGen      total 19456K, used 1024K [0x00000000eab00000, 0x00000000ec300000, 0x0000000100000000)
  eden space 18432K, 0% used [0x00000000eab00000,0x00000000eab00000,0x00000000ebd00000)
  from space 1024K, 100% used [0x00000000ec000000,0x00000000ec100000,0x00000000ec100000)
  to   space 3072K, 0% used [0x00000000ebd00000,0x00000000ebd00000,0x00000000ec000000)
 ParOldGen       total 68608K, used 32185K [0x00000000c0000000, 0x00000000c4300000, 0x00000000eab00000)
  object space 68608K, 46% used [0x00000000c0000000,0x00000000c1f6e7d0,0x00000000c4300000)
 Metaspace       used 59707K, committed 60992K, reserved 1114112K
  class space    used 6409K, committed 6976K, reserved 1048576K
}
Event: 31.650 GC heap before
{Heap before GC invocations=32 (full 3):
 PSYoungGen      total 19456K, used 19456K [0x00000000eab00000, 0x00000000ec300000, 0x0000000100000000)
  eden space 18432K, 100% used [0x00000000eab00000,0x00000000ebd00000,0x00000000ebd00000)
  from space 1024K, 100% used [0x00000000ec000000,0x00000000ec100000,0x00000000ec100000)
  to   space 3072K, 0% used [0x00000000ebd00000,0x00000000ebd00000,0x00000000ec000000)
 ParOldGen       total 68608K, used 32185K [0x00000000c0000000, 0x00000000c4300000, 0x00000000eab00000)
  object space 68608K, 46% used [0x00000000c0000000,0x00000000c1f6e7d0,0x00000000c4300000)
 Metaspace       used 60261K, committed 61504K, reserved 1114112K
  class space    used 6438K, committed 6976K, reserved 1048576K
}
Event: 31.658 GC heap after
{Heap after GC invocations=32 (full 3):
 PSYoungGen      total 20480K, used 2016K [0x00000000eab00000, 0x00000000ec200000, 0x0000000100000000)
  eden space 18432K, 0% used [0x00000000eab00000,0x00000000eab00000,0x00000000ebd00000)
  from space 2048K, 98% used [0x00000000ebd00000,0x00000000ebef8010,0x00000000ebf00000)
  to   space 2560K, 0% used [0x00000000ebf80000,0x00000000ebf80000,0x00000000ec200000)
 ParOldGen       total 68608K, used 33217K [0x00000000c0000000, 0x00000000c4300000, 0x00000000eab00000)
  object space 68608K, 48% used [0x00000000c0000000,0x00000000c20707d0,0x00000000c4300000)
 Metaspace       used 60261K, committed 61504K, reserved 1114112K
  class space    used 6438K, committed 6976K, reserved 1048576K
}
Event: 31.738 GC heap before
{Heap before GC invocations=33 (full 3):
 PSYoungGen      total 20480K, used 20448K [0x00000000eab00000, 0x00000000ec200000, 0x0000000100000000)
  eden space 18432K, 100% used [0x00000000eab00000,0x00000000ebd00000,0x00000000ebd00000)
  from space 2048K, 98% used [0x00000000ebd00000,0x00000000ebef8010,0x00000000ebf00000)
  to   space 2560K, 0% used [0x00000000ebf80000,0x00000000ebf80000,0x00000000ec200000)
 ParOldGen       total 68608K, used 33217K [0x00000000c0000000, 0x00000000c4300000, 0x00000000eab00000)
  object space 68608K, 48% used [0x00000000c0000000,0x00000000c20707d0,0x00000000c4300000)
 Metaspace       used 60290K, committed 61568K, reserved 1114112K
  class space    used 6440K, committed 6976K, reserved 1048576K
}
Event: 31.745 GC heap after
{Heap after GC invocations=33 (full 3):
 PSYoungGen      total 19968K, used 1472K [0x00000000eab00000, 0x00000000ec100000, 0x0000000100000000)
  eden space 18432K, 0% used [0x00000000eab00000,0x00000000eab00000,0x00000000ebd00000)
  from space 1536K, 95% used [0x00000000ebf80000,0x00000000ec0f0000,0x00000000ec100000)
  to   space 2048K, 0% used [0x00000000ebd00000,0x00000000ebd00000,0x00000000ebf00000)
 ParOldGen       total 68608K, used 35193K [0x00000000c0000000, 0x00000000c4300000, 0x00000000eab00000)
  object space 68608K, 51% used [0x00000000c0000000,0x00000000c225e7e0,0x00000000c4300000)
 Metaspace       used 60290K, committed 61568K, reserved 1114112K
  class space    used 6440K, committed 6976K, reserved 1048576K
}
Event: 32.094 GC heap before
{Heap before GC invocations=34 (full 3):
 PSYoungGen      total 19968K, used 19904K [0x00000000eab00000, 0x00000000ec100000, 0x0000000100000000)
  eden space 18432K, 100% used [0x00000000eab00000,0x00000000ebd00000,0x00000000ebd00000)
  from space 1536K, 95% used [0x00000000ebf80000,0x00000000ec0f0000,0x00000000ec100000)
  to   space 2048K, 0% used [0x00000000ebd00000,0x00000000ebd00000,0x00000000ebf00000)
 ParOldGen       total 68608K, used 35193K [0x00000000c0000000, 0x00000000c4300000, 0x00000000eab00000)
  object space 68608K, 51% used [0x00000000c0000000,0x00000000c225e7e0,0x00000000c4300000)
 Metaspace       used 61277K, committed 62528K, reserved 1114112K
  class space    used 6543K, committed 7104K, reserved 1048576K
}
Event: 32.100 GC heap after
{Heap after GC invocations=34 (full 3):
 PSYoungGen      total 20480K, used 640K [0x00000000eab00000, 0x00000000ec000000, 0x0000000100000000)
  eden space 18432K, 0% used [0x00000000eab00000,0x00000000eab00000,0x00000000ebd00000)
  from space 2048K, 31% used [0x00000000ebd00000,0x00000000ebda0000,0x00000000ebf00000)
  to   space 1024K, 0% used [0x00000000ebf00000,0x00000000ebf00000,0x00000000ec000000)
 ParOldGen       total 68608K, used 36665K [0x00000000c0000000, 0x00000000c4300000, 0x00000000eab00000)
  object space 68608K, 53% used [0x00000000c0000000,0x00000000c23ce7e0,0x00000000c4300000)
 Metaspace       used 61277K, committed 62528K, reserved 1114112K
  class space    used 6543K, committed 7104K, reserved 1048576K
}

