# JRE version: Java(TM) SE Runtime Environment (17.0.12+8) (build 17.0.12+8-LTS-286)
# Java VM: Java HotSpot(TM) 64-Bit Server VM (17.0.12+8-LTS-286, mixed mode, sharing, tiered, compressed oops, compressed class ptrs, g1 gc, windows-amd64)
GC Precious Log:
 CPUs: 2 total, 2 available
 Memory: 3899M
 Large Page Support: Disabled
 NUMA Support: Disabled
 Compressed Oops: Enabled (32-bit)
 Heap Region Size: 1M
 Heap Min Capacity: 8M
 Heap Initial Capacity: 62M
 Heap Max Capacity: 976M
 Pre-touch: Disabled
 Parallel Workers: 2
 Concurrent Workers: 1
 Concurrent Refinement Workers: 2
 Periodic GC: Disabled
Heap:
 garbage-first heap   total 178176K, used 83927K [0x00000000c3000000, 0x0000000100000000)
  region size 1024K, 36 young (36864K), 4 survivors (4096K)
 Metaspace       used 37181K, committed 37568K, reserved 1114112K
  class space    used 4124K, committed 4288K, reserved 1048576K
GC Heap History (20 events):
Event: 17.226 GC heap before
{Heap before GC invocations=18 (full 0):
 garbage-first heap   total 80896K, used 63342K [0x00000000c3000000, 0x0000000100000000)
  region size 1024K, 19 young (19456K), 2 survivors (2048K)
 Metaspace       used 26887K, committed 27200K, reserved 1114112K
  class space    used 2972K, committed 3136K, reserved 1048576K
}
Event: 17.236 GC heap after
{Heap after GC invocations=19 (full 0):
 garbage-first heap   total 80896K, used 46363K [0x00000000c3000000, 0x0000000100000000)
  region size 1024K, 2 young (2048K), 2 survivors (2048K)
 Metaspace       used 26887K, committed 27200K, reserved 1114112K
  class space    used 2972K, committed 3136K, reserved 1048576K
}
Event: 17.931 GC heap before
{Heap before GC invocations=19 (full 0):
 garbage-first heap   total 80896K, used 65819K [0x00000000c3000000, 0x0000000100000000)
  region size 1024K, 21 young (21504K), 2 survivors (2048K)
 Metaspace       used 27830K, committed 28160K, reserved 1114112K
  class space    used 3089K, committed 3264K, reserved 1048576K
}
Event: 17.938 GC heap after
{Heap after GC invocations=20 (full 0):
 garbage-first heap   total 97280K, used 46774K [0x00000000c3000000, 0x0000000100000000)
  region size 1024K, 2 young (2048K), 2 survivors (2048K)
 Metaspace       used 27830K, committed 28160K, reserved 1114112K
  class space    used 3089K, committed 3264K, reserved 1048576K
}
Event: 21.512 GC heap before
{Heap before GC invocations=21 (full 0):
 garbage-first heap   total 97280K, used 62134K [0x00000000c3000000, 0x0000000100000000)
  region size 1024K, 18 young (18432K), 2 survivors (2048K)
 Metaspace       used 28714K, committed 29056K, reserved 1114112K
  class space    used 3181K, committed 3392K, reserved 1048576K
}
Event: 21.523 GC heap after
{Heap after GC invocations=22 (full 0):
 garbage-first heap   total 97280K, used 47000K [0x00000000c3000000, 0x0000000100000000)
  region size 1024K, 3 young (3072K), 3 survivors (3072K)
 Metaspace       used 28714K, committed 29056K, reserved 1114112K
  class space    used 3181K, committed 3392K, reserved 1048576K
}
Event: 23.048 GC heap before
{Heap before GC invocations=23 (full 0):
 garbage-first heap   total 97280K, used 82840K [0x00000000c3000000, 0x0000000100000000)
  region size 1024K, 34 young (34816K), 3 survivors (3072K)
 Metaspace       used 28762K, committed 29184K, reserved 1114112K
  class space    used 3181K, committed 3392K, reserved 1048576K
}
Event: 23.074 GC heap after
{Heap after GC invocations=24 (full 0):
 garbage-first heap   total 101376K, used 66294K [0x00000000c3000000, 0x0000000100000000)
  region size 1024K, 5 young (5120K), 5 survivors (5120K)
 Metaspace       used 28762K, committed 29184K, reserved 1114112K
  class space    used 3181K, committed 3392K, reserved 1048576K
}
Event: 23.105 GC heap before
{Heap before GC invocations=24 (full 0):
 garbage-first heap   total 101376K, used 67318K [0x00000000c3000000, 0x0000000100000000)
  region size 1024K, 6 young (6144K), 5 survivors (5120K)
 Metaspace       used 28762K, committed 29184K, reserved 1114112K
  class space    used 3181K, committed 3392K, reserved 1048576K
}
Event: 23.115 GC heap after
{Heap after GC invocations=25 (full 0):
 garbage-first heap   total 101376K, used 58483K [0x00000000c3000000, 0x0000000100000000)
  region size 1024K, 1 young (1024K), 1 survivors (1024K)
 Metaspace       used 28762K, committed 29184K, reserved 1114112K
  class space    used 3181K, committed 3392K, reserved 1048576K
}
Event: 23.199 GC heap before
{Heap before GC invocations=25 (full 0):
 garbage-first heap   total 101376K, used 61555K [0x00000000c3000000, 0x0000000100000000)
  region size 1024K, 4 young (4096K), 1 survivors (1024K)
 Metaspace       used 28762K, committed 29184K, reserved 1114112K
  class space    used 3181K, committed 3392K, reserved 1048576K
}
Event: 23.204 GC heap after
{Heap after GC invocations=26 (full 0):
 garbage-first heap   total 101376K, used 57856K [0x00000000c3000000, 0x0000000100000000)
  region size 1024K, 1 young (1024K), 1 survivors (1024K)
 Metaspace       used 28762K, committed 29184K, reserved 1114112K
  class space    used 3181K, committed 3392K, reserved 1048576K
}
Event: 23.948 GC heap before
{Heap before GC invocations=26 (full 0):
 garbage-first heap   total 101376K, used 77312K [0x00000000c3000000, 0x0000000100000000)
  region size 1024K, 21 young (21504K), 1 survivors (1024K)
 Metaspace       used 29232K, committed 29568K, reserved 1114112K
  class space    used 3224K, committed 3392K, reserved 1048576K
}
Event: 23.956 GC heap after
{Heap after GC invocations=27 (full 0):
 garbage-first heap   total 101376K, used 61991K [0x00000000c3000000, 0x0000000100000000)
  region size 1024K, 3 young (3072K), 3 survivors (3072K)
 Metaspace       used 29232K, committed 29568K, reserved 1114112K
  class space    used 3224K, committed 3392K, reserved 1048576K
}
Event: 24.592 GC heap before
{Heap before GC invocations=28 (full 0):
 garbage-first heap   total 104448K, used 76327K [0x00000000c3000000, 0x0000000100000000)
  region size 1024K, 20 young (20480K), 3 survivors (3072K)
 Metaspace       used 28082K, committed 28480K, reserved 1114112K
  class space    used 3098K, committed 3328K, reserved 1048576K
}
Event: 24.597 GC heap after
{Heap after GC invocations=29 (full 0):
 garbage-first heap   total 104448K, used 60562K [0x00000000c3000000, 0x0000000100000000)
  region size 1024K, 1 young (1024K), 1 survivors (1024K)
 Metaspace       used 28082K, committed 28480K, reserved 1114112K
  class space    used 3098K, committed 3328K, reserved 1048576K
}
Event: 24.765 GC heap before
{Heap before GC invocations=29 (full 0):
 garbage-first heap   total 104448K, used 63634K [0x00000000c3000000, 0x0000000100000000)
  region size 1024K, 5 young (5120K), 1 survivors (1024K)
 Metaspace       used 28279K, committed 28672K, reserved 1114112K
  class space    used 3122K, committed 3328K, reserved 1048576K
}
Event: 24.772 GC heap after
{Heap after GC invocations=30 (full 0):
 garbage-first heap   total 104448K, used 50674K [0x00000000c3000000, 0x0000000100000000)
  region size 1024K, 1 young (1024K), 1 survivors (1024K)
 Metaspace       used 28279K, committed 28672K, reserved 1114112K
  class space    used 3122K, committed 3328K, reserved 1048576K
}
Event: 29.262 GC heap before
{Heap before GC invocations=30 (full 0):
 garbage-first heap   total 104448K, used 75250K [0x00000000c3000000, 0x0000000100000000)
  region size 1024K, 26 young (26624K), 1 survivors (1024K)
 Metaspace       used 36217K, committed 36544K, reserved 1114112K
  class space    used 4072K, committed 4224K, reserved 1048576K
}
Event: 29.274 GC heap after
{Heap after GC invocations=31 (full 0):
 garbage-first heap   total 200704K, used 54231K [0x00000000c3000000, 0x0000000100000000)
  region size 1024K, 4 young (4096K), 4 survivors (4096K)
 Metaspace       used 36217K, committed 36544K, reserved 1114112K
  class space    used 4072K, committed 4224K, reserved 1048576K
}

