# JRE version: Java(TM) SE Runtime Environment (17.0.12+8) (build 17.0.12+8-LTS-286)
# Java VM: Java HotSpot(TM) 64-Bit Server VM (17.0.12+8-LTS-286, mixed mode, sharing, tiered, compressed oops, compressed class ptrs, g1 gc, windows-amd64)
GC Precious Log:
 CPUs: 2 total, 2 available
 Memory: 3899M
 Large Page Support: Disabled
 NUMA Support: Disabled
 Compressed Oops: Enabled (32-bit)
 Heap Region Size: 1M
 Heap Min Capacity: 8M
 Heap Initial Capacity: 62M
 Heap Max Capacity: 976M
 Pre-touch: Disabled
 Parallel Workers: 2
 Concurrent Workers: 1
 Concurrent Refinement Workers: 2
 Periodic GC: Disabled
Heap:
 garbage-first heap   total 120832K, used 31780K [0x00000000c3000000, 0x0000000100000000)
  region size 1024K, 3 young (3072K), 3 survivors (3072K)
 Metaspace       used 31553K, committed 31936K, reserved 1114112K
  class space    used 3521K, committed 3712K, reserved 1048576K
GC Heap History (20 events):
Event: 26.601 GC heap after
{Heap after GC invocations=26 (full 0):
 garbage-first heap   total 100352K, used 57344K [0x00000000c3000000, 0x0000000100000000)
  region size 1024K, 2 young (2048K), 2 survivors (2048K)
 Metaspace       used 28764K, committed 29184K, reserved 1114112K
  class space    used 3183K, committed 3392K, reserved 1048576K
}
Event: 27.432 GC heap before
{Heap before GC invocations=27 (full 0):
 garbage-first heap   total 100352K, used 71680K [0x00000000c3000000, 0x0000000100000000)
  region size 1024K, 18 young (18432K), 2 survivors (2048K)
 Metaspace       used 27125K, committed 28032K, reserved 1114112K
  class space    used 2979K, committed 3328K, reserved 1048576K
}
Event: 27.442 GC heap after
{Heap after GC invocations=28 (full 0):
 garbage-first heap   total 100352K, used 59392K [0x00000000c3000000, 0x0000000100000000)
  region size 1024K, 3 young (3072K), 3 survivors (3072K)
 Metaspace       used 27125K, committed 28032K, reserved 1114112K
  class space    used 2979K, committed 3328K, reserved 1048576K
}
Event: 27.543 GC heap before
{Heap before GC invocations=28 (full 0):
 garbage-first heap   total 100352K, used 60416K [0x00000000c3000000, 0x0000000100000000)
  region size 1024K, 4 young (4096K), 3 survivors (3072K)
 Metaspace       used 27125K, committed 28032K, reserved 1114112K
  class space    used 2979K, committed 3328K, reserved 1048576K
}
Event: 27.554 GC heap after
{Heap after GC invocations=29 (full 0):
 garbage-first heap   total 100352K, used 52525K [0x00000000c3000000, 0x0000000100000000)
  region size 1024K, 1 young (1024K), 1 survivors (1024K)
 Metaspace       used 27125K, committed 28032K, reserved 1114112K
  class space    used 2979K, committed 3328K, reserved 1048576K
}
Event: 28.136 GC heap before
{Heap before GC invocations=29 (full 0):
 garbage-first heap   total 100352K, used 69933K [0x00000000c3000000, 0x0000000100000000)
  region size 1024K, 19 young (19456K), 1 survivors (1024K)
 Metaspace       used 27904K, committed 28352K, reserved 1114112K
  class space    used 3085K, committed 3328K, reserved 1048576K
}
Event: 28.137 GC heap after
{Heap after GC invocations=30 (full 0):
 garbage-first heap   total 100352K, used 52373K [0x00000000c3000000, 0x0000000100000000)
  region size 1024K, 1 young (1024K), 1 survivors (1024K)
 Metaspace       used 27904K, committed 28352K, reserved 1114112K
  class space    used 3085K, committed 3328K, reserved 1048576K
}
Event: 29.033 GC heap before
{Heap before GC invocations=31 (full 0):
 garbage-first heap   total 100352K, used 71829K [0x00000000c3000000, 0x0000000100000000)
  region size 1024K, 21 young (21504K), 1 survivors (1024K)
 Metaspace       used 28388K, committed 28736K, reserved 1114112K
  class space    used 3135K, committed 3328K, reserved 1048576K
}
Event: 29.038 GC heap after
{Heap after GC invocations=32 (full 0):
 garbage-first heap   total 100352K, used 51569K [0x00000000c3000000, 0x0000000100000000)
  region size 1024K, 2 young (2048K), 2 survivors (2048K)
 Metaspace       used 28388K, committed 28736K, reserved 1114112K
  class space    used 3135K, committed 3328K, reserved 1048576K
}
Event: 29.248 GC heap before
{Heap before GC invocations=32 (full 0):
 garbage-first heap   total 100352K, used 52593K [0x00000000c3000000, 0x0000000100000000)
  region size 1024K, 4 young (4096K), 2 survivors (2048K)
 Metaspace       used 28400K, committed 28736K, reserved 1114112K
  class space    used 3136K, committed 3328K, reserved 1048576K
}
Event: 29.254 GC heap after
{Heap after GC invocations=33 (full 0):
 garbage-first heap   total 100352K, used 48522K [0x00000000c3000000, 0x0000000100000000)
  region size 1024K, 1 young (1024K), 1 survivors (1024K)
 Metaspace       used 28400K, committed 28736K, reserved 1114112K
  class space    used 3136K, committed 3328K, reserved 1048576K
}
Event: 31.057 GC heap before
{Heap before GC invocations=33 (full 0):
 garbage-first heap   total 100352K, used 72074K [0x00000000c3000000, 0x0000000100000000)
  region size 1024K, 25 young (25600K), 1 survivors (1024K)
 Metaspace       used 29341K, committed 29696K, reserved 1114112K
  class space    used 3205K, committed 3392K, reserved 1048576K
}
Event: 31.061 GC heap after
{Heap after GC invocations=34 (full 0):
 garbage-first heap   total 100352K, used 50024K [0x00000000c3000000, 0x0000000100000000)
  region size 1024K, 2 young (2048K), 2 survivors (2048K)
 Metaspace       used 29341K, committed 29696K, reserved 1114112K
  class space    used 3205K, committed 3392K, reserved 1048576K
}
Event: 33.847 GC heap before
{Heap before GC invocations=35 (full 0):
 garbage-first heap   total 120832K, used 102248K [0x00000000c3000000, 0x0000000100000000)
  region size 1024K, 27 young (27648K), 2 survivors (2048K)
 Metaspace       used 29920K, committed 30272K, reserved 1114112K
  class space    used 3322K, committed 3520K, reserved 1048576K
}
Event: 33.855 GC heap after
{Heap after GC invocations=36 (full 0):
 garbage-first heap   total 120832K, used 48652K [0x00000000c3000000, 0x0000000100000000)
  region size 1024K, 4 young (4096K), 4 survivors (4096K)
 Metaspace       used 29920K, committed 30272K, reserved 1114112K
  class space    used 3322K, committed 3520K, reserved 1048576K
}
Event: 33.876 GC heap before
{Heap before GC invocations=36 (full 0):
 garbage-first heap   total 120832K, used 48652K [0x00000000c3000000, 0x0000000100000000)
  region size 1024K, 5 young (5120K), 4 survivors (4096K)
 Metaspace       used 29920K, committed 30272K, reserved 1114112K
  class space    used 3322K, committed 3520K, reserved 1048576K
}
Event: 33.883 GC heap after
{Heap after GC invocations=37 (full 0):
 garbage-first heap   total 120832K, used 34630K [0x00000000c3000000, 0x0000000100000000)
  region size 1024K, 1 young (1024K), 1 survivors (1024K)
 Metaspace       used 29920K, committed 30272K, reserved 1114112K
  class space    used 3322K, committed 3520K, reserved 1048576K
}
Event: 33.955 GC heap before
{Heap before GC invocations=37 (full 0):
 garbage-first heap   total 120832K, used 37702K [0x00000000c3000000, 0x0000000100000000)
  region size 1024K, 5 young (5120K), 1 survivors (1024K)
 Metaspace       used 29922K, committed 30272K, reserved 1114112K
  class space    used 3322K, committed 3520K, reserved 1048576K
}
Event: 33.958 GC heap after
{Heap after GC invocations=38 (full 0):
 garbage-first heap   total 120832K, used 29381K [0x00000000c3000000, 0x0000000100000000)
  region size 1024K, 1 young (1024K), 1 survivors (1024K)
 Metaspace       used 29922K, committed 30272K, reserved 1114112K
  class space    used 3322K, committed 3520K, reserved 1048576K
}
Event: 37.826 GC heap before
{Heap before GC invocations=38 (full 0):
 garbage-first heap   total 120832K, used 83653K [0x00000000c3000000, 0x0000000100000000)
  region size 1024K, 53 young (54272K), 1 survivors (1024K)
 Metaspace       used 31553K, committed 31936K, reserved 1114112K
  class space    used 3521K, committed 3712K, reserved 1048576K
}

