# JRE version: OpenJDK Runtime Environment Temurin-17.0.12+7 (17.0.12+7) (build 17.0.12+7)
# Java VM: OpenJDK 64-Bit Server VM Temurin-17.0.12+7 (17.0.12+7, mixed mode, tiered, compressed oops, compressed class ptrs, parallel gc, windows-amd64)
GC Precious Log:
 CPUs: 2 total, 2 available
 Memory: 3899M
 Large Page Support: Disabled
 NUMA Support: Disabled
 Compressed Oops: Enabled (32-bit)
 Alignments: Space 512K, Generation 512K, Heap 2M
 Heap Min Capacity: 100M
 Heap Initial Capacity: 100M
 Heap Max Capacity: 1G
 Pre-touch: Disabled
 Parallel Workers: 2
Heap:
 PSYoungGen      total 22016K, used 15909K [0x00000000eab00000, 0x00000000eca80000, 0x0000000100000000)
  eden space 12800K, 52% used [0x00000000eab00000,0x00000000eb18d918,0x00000000eb780000)
  from space 9216K, 99% used [0x00000000ec180000,0x00000000eca7bc68,0x00000000eca80000)
  to   space 7168K, 0% used [0x00000000eb780000,0x00000000eb780000,0x00000000ebe80000)
 ParOldGen       total 401408K, used 341650K [0x00000000c0000000, 0x00000000d8800000, 0x00000000eab00000)
  object space 401408K, 85% used [0x00000000c0000000,0x00000000d4da4a38,0x00000000d8800000)
 Metaspace       used 79646K, committed 80960K, reserved 1179648K
  class space    used 8314K, committed 8832K, reserved 1048576K
GC Heap History (20 events):
Event: 120.826 GC heap before
{Heap before GC invocations=287 (full 12):
 PSYoungGen      total 17920K, used 17892K [0x00000000eab00000, 0x00000000ec800000, 0x0000000100000000)
  eden space 12288K, 100% used [0x00000000eab00000,0x00000000eb700000,0x00000000eb700000)
  from space 5632K, 99% used [0x00000000eb700000,0x00000000ebc791b0,0x00000000ebc80000)
  to   space 8192K, 0% used [0x00000000ec000000,0x00000000ec000000,0x00000000ec800000)
 ParOldGen       total 330240K, used 309997K [0x00000000c0000000, 0x00000000d4280000, 0x00000000eab00000)
  object space 330240K, 93% used [0x00000000c0000000,0x00000000d2ebb438,0x00000000d4280000)
 Metaspace       used 78819K, committed 80064K, reserved 1179648K
  class space    used 8239K, committed 8768K, reserved 1048576K
}
Event: 120.836 GC heap after
{Heap after GC invocations=287 (full 12):
 PSYoungGen      total 18432K, used 6012K [0x00000000eab00000, 0x00000000ec600000, 0x0000000100000000)
  eden space 12288K, 0% used [0x00000000eab00000,0x00000000eab00000,0x00000000eb700000)
  from space 6144K, 97% used [0x00000000ec000000,0x00000000ec5df260,0x00000000ec600000)
  to   space 6656K, 0% used [0x00000000eb900000,0x00000000eb900000,0x00000000ebf80000)
 ParOldGen       total 330240K, used 313392K [0x00000000c0000000, 0x00000000d4280000, 0x00000000eab00000)
  object space 330240K, 94% used [0x00000000c0000000,0x00000000d320c0e8,0x00000000d4280000)
 Metaspace       used 78819K, committed 80064K, reserved 1179648K
  class space    used 8239K, committed 8768K, reserved 1048576K
}
Event: 120.905 GC heap before
{Heap before GC invocations=288 (full 12):
 PSYoungGen      total 18432K, used 18300K [0x00000000eab00000, 0x00000000ec600000, 0x0000000100000000)
  eden space 12288K, 100% used [0x00000000eab00000,0x00000000eb700000,0x00000000eb700000)
  from space 6144K, 97% used [0x00000000ec000000,0x00000000ec5df260,0x00000000ec600000)
  to   space 6656K, 0% used [0x00000000eb900000,0x00000000eb900000,0x00000000ebf80000)
 ParOldGen       total 330240K, used 313392K [0x00000000c0000000, 0x00000000d4280000, 0x00000000eab00000)
  object space 330240K, 94% used [0x00000000c0000000,0x00000000d320c0e8,0x00000000d4280000)
 Metaspace       used 78819K, committed 80064K, reserved 1179648K
  class space    used 8239K, committed 8768K, reserved 1048576K
}
Event: 120.913 GC heap after
{Heap after GC invocations=288 (full 12):
 PSYoungGen      total 19968K, used 6645K [0x00000000eab00000, 0x00000000ecf00000, 0x0000000100000000)
  eden space 13312K, 0% used [0x00000000eab00000,0x00000000eab00000,0x00000000eb800000)
  from space 6656K, 99% used [0x00000000eb900000,0x00000000ebf7d420,0x00000000ebf80000)
  to   space 11776K, 0% used [0x00000000ec380000,0x00000000ec380000,0x00000000ecf00000)
 ParOldGen       total 330240K, used 317254K [0x00000000c0000000, 0x00000000d4280000, 0x00000000eab00000)
  object space 330240K, 96% used [0x00000000c0000000,0x00000000d35d1ad8,0x00000000d4280000)
 Metaspace       used 78819K, committed 80064K, reserved 1179648K
  class space    used 8239K, committed 8768K, reserved 1048576K
}
Event: 120.964 GC heap before
{Heap before GC invocations=289 (full 12):
 PSYoungGen      total 19968K, used 19899K [0x00000000eab00000, 0x00000000ecf00000, 0x0000000100000000)
  eden space 13312K, 99% used [0x00000000eab00000,0x00000000eb7f1b90,0x00000000eb800000)
  from space 6656K, 99% used [0x00000000eb900000,0x00000000ebf7d420,0x00000000ebf80000)
  to   space 11776K, 0% used [0x00000000ec380000,0x00000000ec380000,0x00000000ecf00000)
 ParOldGen       total 330240K, used 317254K [0x00000000c0000000, 0x00000000d4280000, 0x00000000eab00000)
  object space 330240K, 96% used [0x00000000c0000000,0x00000000d35d1ad8,0x00000000d4280000)
 Metaspace       used 78819K, committed 80064K, reserved 1179648K
  class space    used 8239K, committed 8768K, reserved 1048576K
}
Event: 120.975 GC heap after
{Heap after GC invocations=289 (full 12):
 PSYoungGen      total 23040K, used 8095K [0x00000000eab00000, 0x00000000ecb80000, 0x0000000100000000)
  eden space 14848K, 0% used [0x00000000eab00000,0x00000000eab00000,0x00000000eb980000)
  from space 8192K, 98% used [0x00000000ec380000,0x00000000ecb67c48,0x00000000ecb80000)
  to   space 9216K, 0% used [0x00000000eb980000,0x00000000eb980000,0x00000000ec280000)
 ParOldGen       total 330240K, used 321080K [0x00000000c0000000, 0x00000000d4280000, 0x00000000eab00000)
  object space 330240K, 97% used [0x00000000c0000000,0x00000000d398e180,0x00000000d4280000)
 Metaspace       used 78819K, committed 80064K, reserved 1179648K
  class space    used 8239K, committed 8768K, reserved 1048576K
}
Event: 121.038 GC heap before
{Heap before GC invocations=290 (full 12):
 PSYoungGen      total 23040K, used 22924K [0x00000000eab00000, 0x00000000ecb80000, 0x0000000100000000)
  eden space 14848K, 99% used [0x00000000eab00000,0x00000000eb97b5b0,0x00000000eb980000)
  from space 8192K, 98% used [0x00000000ec380000,0x00000000ecb67c48,0x00000000ecb80000)
  to   space 9216K, 0% used [0x00000000eb980000,0x00000000eb980000,0x00000000ec280000)
 ParOldGen       total 330240K, used 321080K [0x00000000c0000000, 0x00000000d4280000, 0x00000000eab00000)
  object space 330240K, 97% used [0x00000000c0000000,0x00000000d398e180,0x00000000d4280000)
 Metaspace       used 78819K, committed 80064K, reserved 1179648K
  class space    used 8239K, committed 8768K, reserved 1048576K
}
Event: 121.048 GC heap after
{Heap after GC invocations=290 (full 12):
 PSYoungGen      total 24064K, used 9215K [0x00000000eab00000, 0x00000000ecb80000, 0x0000000100000000)
  eden space 14848K, 0% used [0x00000000eab00000,0x00000000eab00000,0x00000000eb980000)
  from space 9216K, 99% used [0x00000000eb980000,0x00000000ec27fde0,0x00000000ec280000)
  to   space 8192K, 0% used [0x00000000ec380000,0x00000000ec380000,0x00000000ecb80000)
 ParOldGen       total 330240K, used 325357K [0x00000000c0000000, 0x00000000d4280000, 0x00000000eab00000)
  object space 330240K, 98% used [0x00000000c0000000,0x00000000d3dbb6d0,0x00000000d4280000)
 Metaspace       used 78819K, committed 80064K, reserved 1179648K
  class space    used 8239K, committed 8768K, reserved 1048576K
}
Event: 121.943 GC heap before
{Heap before GC invocations=291 (full 12):
 PSYoungGen      total 24064K, used 24063K [0x00000000eab00000, 0x00000000ecb80000, 0x0000000100000000)
  eden space 14848K, 99% used [0x00000000eab00000,0x00000000eb97fff0,0x00000000eb980000)
  from space 9216K, 99% used [0x00000000eb980000,0x00000000ec27fde0,0x00000000ec280000)
  to   space 8192K, 0% used [0x00000000ec380000,0x00000000ec380000,0x00000000ecb80000)
 ParOldGen       total 330240K, used 325357K [0x00000000c0000000, 0x00000000d4280000, 0x00000000eab00000)
  object space 330240K, 98% used [0x00000000c0000000,0x00000000d3dbb6d0,0x00000000d4280000)
 Metaspace       used 78874K, committed 80128K, reserved 1179648K
  class space    used 8243K, committed 8768K, reserved 1048576K
}
Event: 121.958 GC heap after
{Heap after GC invocations=291 (full 12):
 PSYoungGen      total 23040K, used 8189K [0x00000000eab00000, 0x00000000ecb80000, 0x0000000100000000)
  eden space 14848K, 0% used [0x00000000eab00000,0x00000000eab00000,0x00000000eb980000)
  from space 8192K, 99% used [0x00000000ec380000,0x00000000ecb7f598,0x00000000ecb80000)
  to   space 9216K, 0% used [0x00000000eb980000,0x00000000eb980000,0x00000000ec280000)
 ParOldGen       total 331776K, used 331586K [0x00000000c0000000, 0x00000000d4400000, 0x00000000eab00000)
  object space 331776K, 99% used [0x00000000c0000000,0x00000000d43d09c8,0x00000000d4400000)
 Metaspace       used 78874K, committed 80128K, reserved 1179648K
  class space    used 8243K, committed 8768K, reserved 1048576K
}
Event: 121.958 GC heap before
{Heap before GC invocations=292 (full 13):
 PSYoungGen      total 23040K, used 8189K [0x00000000eab00000, 0x00000000ecb80000, 0x0000000100000000)
  eden space 14848K, 0% used [0x00000000eab00000,0x00000000eab00000,0x00000000eb980000)
  from space 8192K, 99% used [0x00000000ec380000,0x00000000ecb7f598,0x00000000ecb80000)
  to   space 9216K, 0% used [0x00000000eb980000,0x00000000eb980000,0x00000000ec280000)
 ParOldGen       total 331776K, used 331586K [0x00000000c0000000, 0x00000000d4400000, 0x00000000eab00000)
  object space 331776K, 99% used [0x00000000c0000000,0x00000000d43d09c8,0x00000000d4400000)
 Metaspace       used 78874K, committed 80128K, reserved 1179648K
  class space    used 8243K, committed 8768K, reserved 1048576K
}
Event: 122.922 GC heap after
{Heap after GC invocations=292 (full 13):
 PSYoungGen      total 23040K, used 2495K [0x00000000eab00000, 0x00000000ecb80000, 0x0000000100000000)
  eden space 14848K, 0% used [0x00000000eab00000,0x00000000eab00000,0x00000000eb980000)
  from space 8192K, 30% used [0x00000000ec380000,0x00000000ec5efd00,0x00000000ecb80000)
  to   space 9216K, 0% used [0x00000000eb980000,0x00000000eb980000,0x00000000ec280000)
 ParOldGen       total 331776K, used 331709K [0x00000000c0000000, 0x00000000d4400000, 0x00000000eab00000)
  object space 331776K, 99% used [0x00000000c0000000,0x00000000d43ef680,0x00000000d4400000)
 Metaspace       used 78874K, committed 80128K, reserved 1179648K
  class space    used 8243K, committed 8768K, reserved 1048576K
}
Event: 123.574 GC heap before
{Heap before GC invocations=293 (full 14):
 PSYoungGen      total 23040K, used 17106K [0x00000000eab00000, 0x00000000ecb80000, 0x0000000100000000)
  eden space 14848K, 98% used [0x00000000eab00000,0x00000000eb944dd0,0x00000000eb980000)
  from space 8192K, 30% used [0x00000000ec380000,0x00000000ec5efd00,0x00000000ecb80000)
  to   space 9216K, 0% used [0x00000000eb980000,0x00000000eb980000,0x00000000ec280000)
 ParOldGen       total 331776K, used 331709K [0x00000000c0000000, 0x00000000d4400000, 0x00000000eab00000)
  object space 331776K, 99% used [0x00000000c0000000,0x00000000d43ef680,0x00000000d4400000)
 Metaspace       used 78999K, committed 80256K, reserved 1179648K
  class space    used 8251K, committed 8768K, reserved 1048576K
}
Event: 124.176 GC heap after
{Heap after GC invocations=293 (full 14):
 PSYoungGen      total 24064K, used 8473K [0x00000000eab00000, 0x00000000ed780000, 0x0000000100000000)
  eden space 14848K, 57% used [0x00000000eab00000,0x00000000eb3467e0,0x00000000eb980000)
  from space 9216K, 0% used [0x00000000eb980000,0x00000000eb980000,0x00000000ec280000)
  to   space 8192K, 0% used [0x00000000ec380000,0x00000000ec380000,0x00000000ecb80000)
 ParOldGen       total 401408K, used 331318K [0x00000000c0000000, 0x00000000d8800000, 0x00000000eab00000)
  object space 401408K, 82% used [0x00000000c0000000,0x00000000d438db88,0x00000000d8800000)
 Metaspace       used 78999K, committed 80256K, reserved 1179648K
  class space    used 8251K, committed 8768K, reserved 1048576K
}
Event: 124.529 GC heap before
{Heap before GC invocations=294 (full 14):
 PSYoungGen      total 24064K, used 14848K [0x00000000eab00000, 0x00000000ed780000, 0x0000000100000000)
  eden space 14848K, 100% used [0x00000000eab00000,0x00000000eb980000,0x00000000eb980000)
  from space 9216K, 0% used [0x00000000eb980000,0x00000000eb980000,0x00000000ec280000)
  to   space 8192K, 0% used [0x00000000ec380000,0x00000000ec380000,0x00000000ecb80000)
 ParOldGen       total 401408K, used 331318K [0x00000000c0000000, 0x00000000d8800000, 0x00000000eab00000)
  object space 401408K, 82% used [0x00000000c0000000,0x00000000d438db88,0x00000000d8800000)
 Metaspace       used 79171K, committed 80384K, reserved 1179648K
  class space    used 8257K, committed 8768K, reserved 1048576K
}
Event: 124.617 GC heap after
{Heap after GC invocations=294 (full 14):
 PSYoungGen      total 20992K, used 8184K [0x00000000eab00000, 0x00000000ed280000, 0x0000000100000000)
  eden space 12800K, 0% used [0x00000000eab00000,0x00000000eab00000,0x00000000eb780000)
  from space 8192K, 99% used [0x00000000ec380000,0x00000000ecb7e358,0x00000000ecb80000)
  to   space 12288K, 0% used [0x00000000eb780000,0x00000000eb780000,0x00000000ec380000)
 ParOldGen       total 401408K, used 334130K [0x00000000c0000000, 0x00000000d8800000, 0x00000000eab00000)
  object space 401408K, 83% used [0x00000000c0000000,0x00000000d464cb88,0x00000000d8800000)
 Metaspace       used 79171K, committed 80384K, reserved 1179648K
  class space    used 8257K, committed 8768K, reserved 1048576K
}
Event: 125.391 GC heap before
{Heap before GC invocations=295 (full 14):
 PSYoungGen      total 20992K, used 20984K [0x00000000eab00000, 0x00000000ed280000, 0x0000000100000000)
  eden space 12800K, 100% used [0x00000000eab00000,0x00000000eb780000,0x00000000eb780000)
  from space 8192K, 99% used [0x00000000ec380000,0x00000000ecb7e358,0x00000000ecb80000)
  to   space 12288K, 0% used [0x00000000eb780000,0x00000000eb780000,0x00000000ec380000)
 ParOldGen       total 401408K, used 334130K [0x00000000c0000000, 0x00000000d8800000, 0x00000000eab00000)
  object space 401408K, 83% used [0x00000000c0000000,0x00000000d464cb88,0x00000000d8800000)
 Metaspace       used 79319K, committed 80640K, reserved 1179648K
  class space    used 8265K, committed 8768K, reserved 1048576K
}
Event: 125.414 GC heap after
{Heap after GC invocations=295 (full 14):
 PSYoungGen      total 19968K, used 7047K [0x00000000eab00000, 0x00000000eca80000, 0x0000000100000000)
  eden space 12800K, 0% used [0x00000000eab00000,0x00000000eab00000,0x00000000eb780000)
  from space 7168K, 98% used [0x00000000eb780000,0x00000000ebe61cc0,0x00000000ebe80000)
  to   space 9216K, 0% used [0x00000000ec180000,0x00000000ec180000,0x00000000eca80000)
 ParOldGen       total 401408K, used 340882K [0x00000000c0000000, 0x00000000d8800000, 0x00000000eab00000)
  object space 401408K, 84% used [0x00000000c0000000,0x00000000d4ce4a38,0x00000000d8800000)
 Metaspace       used 79319K, committed 80640K, reserved 1179648K
  class space    used 8265K, committed 8768K, reserved 1048576K
}
Event: 125.933 GC heap before
{Heap before GC invocations=296 (full 14):
 PSYoungGen      total 19968K, used 19847K [0x00000000eab00000, 0x00000000eca80000, 0x0000000100000000)
  eden space 12800K, 100% used [0x00000000eab00000,0x00000000eb780000,0x00000000eb780000)
  from space 7168K, 98% used [0x00000000eb780000,0x00000000ebe61cc0,0x00000000ebe80000)
  to   space 9216K, 0% used [0x00000000ec180000,0x00000000ec180000,0x00000000eca80000)
 ParOldGen       total 401408K, used 340882K [0x00000000c0000000, 0x00000000d8800000, 0x00000000eab00000)
  object space 401408K, 84% used [0x00000000c0000000,0x00000000d4ce4a38,0x00000000d8800000)
 Metaspace       used 79609K, committed 80896K, reserved 1179648K
  class space    used 8305K, committed 8832K, reserved 1048576K
}
Event: 125.950 GC heap after
{Heap after GC invocations=296 (full 14):
 PSYoungGen      total 22016K, used 9199K [0x00000000eab00000, 0x00000000eca80000, 0x0000000100000000)
  eden space 12800K, 0% used [0x00000000eab00000,0x00000000eab00000,0x00000000eb780000)
  from space 9216K, 99% used [0x00000000ec180000,0x00000000eca7bc68,0x00000000eca80000)
  to   space 7168K, 0% used [0x00000000eb780000,0x00000000eb780000,0x00000000ebe80000)
 ParOldGen       total 401408K, used 341650K [0x00000000c0000000, 0x00000000d8800000, 0x00000000eab00000)
  object space 401408K, 85% used [0x00000000c0000000,0x00000000d4da4a38,0x00000000d8800000)
 Metaspace       used 79609K, committed 80896K, reserved 1179648K
  class space    used 8305K, committed 8832K, reserved 1048576K
}

