# JRE version: Java(TM) SE Runtime Environment (17.0.12+8) (build 17.0.12+8-LTS-286)
# Java VM: Java HotSpot(TM) 64-Bit Server VM (17.0.12+8-LTS-286, mixed mode, emulated-client, sharing, tiered, compressed oops, compressed class ptrs, g1 gc, windows-amd64)
GC Precious Log:
 CPUs: 2 total, 2 available
 Memory: 3899M
 Large Page Support: Disabled
 NUMA Support: Disabled
 Compressed Oops: Enabled (32-bit)
 Heap Region Size: 1M
 Heap Min Capacity: 8M
 Heap Initial Capacity: 62M
 Heap Max Capacity: 976M
 Pre-touch: Disabled
 Parallel Workers: 2
 Concurrent Workers: 1
 Concurrent Refinement Workers: 2
 Periodic GC: Disabled
Heap:
 garbage-first heap   total 72704K, used 18417K [0x00000000c3000000, 0x0000000100000000)
  region size 1024K, 2 young (2048K), 2 survivors (2048K)
 Metaspace       used 28802K, committed 29248K, reserved 1114112K
  class space    used 4132K, committed 4352K, reserved 1048576K
GC Heap History (19 events):
Event: 0.283 GC heap before
{Heap before GC invocations=0 (full 0):
 garbage-first heap   total 63488K, used 6144K [0x00000000c3000000, 0x0000000100000000)
  region size 1024K, 6 young (6144K), 0 survivors (0K)
 Metaspace       used 303K, committed 448K, reserved 1114112K
  class space    used 28K, committed 128K, reserved 1048576K
}
Event: 0.288 GC heap after
{Heap after GC invocations=1 (full 0):
 garbage-first heap   total 63488K, used 5232K [0x00000000c3000000, 0x0000000100000000)
  region size 1024K, 1 young (1024K), 1 survivors (1024K)
 Metaspace       used 303K, committed 448K, reserved 1114112K
  class space    used 28K, committed 128K, reserved 1048576K
}
Event: 0.483 GC heap before
{Heap before GC invocations=1 (full 0):
 garbage-first heap   total 63488K, used 7280K [0x00000000c3000000, 0x0000000100000000)
  region size 1024K, 4 young (4096K), 1 survivors (1024K)
 Metaspace       used 1669K, committed 1792K, reserved 1114112K
  class space    used 181K, committed 256K, reserved 1048576K
}
Event: 0.486 GC heap after
{Heap after GC invocations=2 (full 0):
 garbage-first heap   total 63488K, used 5877K [0x00000000c3000000, 0x0000000100000000)
  region size 1024K, 1 young (1024K), 1 survivors (1024K)
 Metaspace       used 1669K, committed 1792K, reserved 1114112K
  class space    used 181K, committed 256K, reserved 1048576K
}
Event: 0.808 GC heap before
{Heap before GC invocations=2 (full 0):
 garbage-first heap   total 63488K, used 13045K [0x00000000c3000000, 0x0000000100000000)
  region size 1024K, 9 young (9216K), 1 survivors (1024K)
 Metaspace       used 4093K, committed 4288K, reserved 1114112K
  class space    used 537K, committed 640K, reserved 1048576K
}
Event: 0.812 GC heap after
{Heap after GC invocations=3 (full 0):
 garbage-first heap   total 63488K, used 6645K [0x00000000c3000000, 0x0000000100000000)
  region size 1024K, 2 young (2048K), 2 survivors (2048K)
 Metaspace       used 4093K, committed 4288K, reserved 1114112K
  class space    used 537K, committed 640K, reserved 1048576K
}
Event: 1.483 GC heap before
{Heap before GC invocations=3 (full 0):
 garbage-first heap   total 63488K, used 29173K [0x00000000c3000000, 0x0000000100000000)
  region size 1024K, 24 young (24576K), 2 survivors (2048K)
 Metaspace       used 8831K, committed 9024K, reserved 1114112K
  class space    used 1260K, committed 1344K, reserved 1048576K
}
Event: 1.490 GC heap after
{Heap after GC invocations=4 (full 0):
 garbage-first heap   total 63488K, used 8273K [0x00000000c3000000, 0x0000000100000000)
  region size 1024K, 3 young (3072K), 3 survivors (3072K)
 Metaspace       used 8831K, committed 9024K, reserved 1114112K
  class space    used 1260K, committed 1344K, reserved 1048576K
}
Event: 2.229 GC heap before
{Heap before GC invocations=4 (full 0):
 garbage-first heap   total 63488K, used 38993K [0x00000000c3000000, 0x0000000100000000)
  region size 1024K, 34 young (34816K), 3 survivors (3072K)
 Metaspace       used 15292K, committed 15552K, reserved 1114112K
  class space    used 2135K, committed 2240K, reserved 1048576K
}
Event: 2.242 GC heap after
{Heap after GC invocations=5 (full 0):
 garbage-first heap   total 76800K, used 10956K [0x00000000c3000000, 0x0000000100000000)
  region size 1024K, 5 young (5120K), 5 survivors (5120K)
 Metaspace       used 15292K, committed 15552K, reserved 1114112K
  class space    used 2135K, committed 2240K, reserved 1048576K
}
Event: 3.199 GC heap before
{Heap before GC invocations=5 (full 0):
 garbage-first heap   total 76800K, used 51916K [0x00000000c3000000, 0x0000000100000000)
  region size 1024K, 45 young (46080K), 5 survivors (5120K)
 Metaspace       used 20578K, committed 20800K, reserved 1114112K
  class space    used 2894K, committed 3008K, reserved 1048576K
}
Event: 3.216 GC heap after
{Heap after GC invocations=6 (full 0):
 garbage-first heap   total 76800K, used 14230K [0x00000000c3000000, 0x0000000100000000)
  region size 1024K, 6 young (6144K), 6 survivors (6144K)
 Metaspace       used 20578K, committed 20800K, reserved 1114112K
  class space    used 2894K, committed 3008K, reserved 1048576K
}
Event: 3.354 GC heap before
{Heap before GC invocations=6 (full 0):
 garbage-first heap   total 76800K, used 18326K [0x00000000c3000000, 0x0000000100000000)
  region size 1024K, 11 young (11264K), 6 survivors (6144K)
 Metaspace       used 21260K, committed 21504K, reserved 1114112K
  class space    used 2983K, committed 3072K, reserved 1048576K
}
Event: 3.370 GC heap after
{Heap after GC invocations=7 (full 0):
 garbage-first heap   total 76800K, used 15043K [0x00000000c3000000, 0x0000000100000000)
  region size 1024K, 1 young (1024K), 1 survivors (1024K)
 Metaspace       used 21260K, committed 21504K, reserved 1114112K
  class space    used 2983K, committed 3072K, reserved 1048576K
}
Event: 4.316 GC heap before
{Heap before GC invocations=8 (full 0):
 garbage-first heap   total 55296K, used 46787K [0x00000000c3000000, 0x0000000100000000)
  region size 1024K, 32 young (32768K), 1 survivors (1024K)
 Metaspace       used 25634K, committed 26048K, reserved 1114112K
  class space    used 3746K, committed 3904K, reserved 1048576K
}
Event: 4.327 GC heap after
{Heap after GC invocations=9 (full 0):
 garbage-first heap   total 55296K, used 17091K [0x00000000c3000000, 0x0000000100000000)
  region size 1024K, 3 young (3072K), 3 survivors (3072K)
 Metaspace       used 25634K, committed 26048K, reserved 1114112K
  class space    used 3746K, committed 3904K, reserved 1048576K
}
Event: 4.347 GC heap before
{Heap before GC invocations=9 (full 0):
 garbage-first heap   total 55296K, used 18115K [0x00000000c3000000, 0x0000000100000000)
  region size 1024K, 4 young (4096K), 3 survivors (3072K)
 Metaspace       used 25653K, committed 26048K, reserved 1114112K
  class space    used 3748K, committed 3904K, reserved 1048576K
}
Event: 4.357 GC heap after
{Heap after GC invocations=10 (full 0):
 garbage-first heap   total 55296K, used 17375K [0x00000000c3000000, 0x0000000100000000)
  region size 1024K, 1 young (1024K), 1 survivors (1024K)
 Metaspace       used 25653K, committed 26048K, reserved 1114112K
  class space    used 3748K, committed 3904K, reserved 1048576K
}
Event: 5.022 GC heap before
{Heap before GC invocations=10 (full 0):
 garbage-first heap   total 55296K, used 40927K [0x00000000c3000000, 0x0000000100000000)
  region size 1024K, 24 young (24576K), 1 survivors (1024K)
 Metaspace       used 28802K, committed 29248K, reserved 1114112K
  class space    used 4132K, committed 4352K, reserved 1048576K
}

