# JRE version: Java(TM) SE Runtime Environment (17.0.12+8) (build 17.0.12+8-LTS-286)
# Java VM: Java HotSpot(TM) 64-Bit Server VM (17.0.12+8-LTS-286, mixed mode, emulated-client, sharing, tiered, compressed oops, compressed class ptrs, g1 gc, windows-amd64)
GC Precious Log:
 CPUs: 2 total, 2 available
 Memory: 3899M
 Large Page Support: Disabled
 NUMA Support: Disabled
 Compressed Oops: Enabled (32-bit)
 Heap Region Size: 1M
 Heap Min Capacity: 8M
 Heap Initial Capacity: 62M
 Heap Max Capacity: 976M
 Pre-touch: Disabled
 Parallel Workers: 2
 Concurrent Workers: 1
 Concurrent Refinement Workers: 2
 Periodic GC: Disabled
Heap:
 garbage-first heap   total 55296K, used 29409K [0x00000000c3000000, 0x0000000100000000)
  region size 1024K, 12 young (12288K), 2 survivors (2048K)
 Metaspace       used 39572K, committed 40000K, reserved 1114112K
  class space    used 5675K, committed 5888K, reserved 1048576K
GC Heap History (20 events):
Event: 0.870 GC heap before
{Heap before GC invocations=2 (full 0):
 garbage-first heap   total 63488K, used 13228K [0x00000000c3000000, 0x0000000100000000)
  region size 1024K, 9 young (9216K), 1 survivors (1024K)
 Metaspace       used 4103K, committed 4288K, reserved 1114112K
  class space    used 539K, committed 640K, reserved 1048576K
}
Event: 0.873 GC heap after
{Heap after GC invocations=3 (full 0):
 garbage-first heap   total 63488K, used 6696K [0x00000000c3000000, 0x0000000100000000)
  region size 1024K, 2 young (2048K), 2 survivors (2048K)
 Metaspace       used 4103K, committed 4288K, reserved 1114112K
  class space    used 539K, committed 640K, reserved 1048576K
}
Event: 1.627 GC heap before
{Heap before GC invocations=3 (full 0):
 garbage-first heap   total 63488K, used 33320K [0x00000000c3000000, 0x0000000100000000)
  region size 1024K, 28 young (28672K), 2 survivors (2048K)
 Metaspace       used 9567K, committed 9856K, reserved 1114112K
  class space    used 1386K, committed 1536K, reserved 1048576K
}
Event: 1.636 GC heap after
{Heap after GC invocations=4 (full 0):
 garbage-first heap   total 63488K, used 8728K [0x00000000c3000000, 0x0000000100000000)
  region size 1024K, 4 young (4096K), 4 survivors (4096K)
 Metaspace       used 9567K, committed 9856K, reserved 1114112K
  class space    used 1386K, committed 1536K, reserved 1048576K
}
Event: 2.221 GC heap before
{Heap before GC invocations=4 (full 0):
 garbage-first heap   total 63488K, used 38424K [0x00000000c3000000, 0x0000000100000000)
  region size 1024K, 34 young (34816K), 4 survivors (4096K)
 Metaspace       used 15622K, committed 15872K, reserved 1114112K
  class space    used 2175K, committed 2304K, reserved 1048576K
}
Event: 2.234 GC heap after
{Heap after GC invocations=5 (full 0):
 garbage-first heap   total 63488K, used 11310K [0x00000000c3000000, 0x0000000100000000)
  region size 1024K, 5 young (5120K), 5 survivors (5120K)
 Metaspace       used 15622K, committed 15872K, reserved 1114112K
  class space    used 2175K, committed 2304K, reserved 1048576K
}
Event: 3.039 GC heap before
{Heap before GC invocations=5 (full 0):
 garbage-first heap   total 63488K, used 41006K [0x00000000c3000000, 0x0000000100000000)
  region size 1024K, 35 young (35840K), 5 survivors (5120K)
 Metaspace       used 19540K, committed 19840K, reserved 1114112K
  class space    used 2748K, committed 2880K, reserved 1048576K
}
Event: 3.053 GC heap after
{Heap after GC invocations=6 (full 0):
 garbage-first heap   total 76800K, used 13765K [0x00000000c3000000, 0x0000000100000000)
  region size 1024K, 5 young (5120K), 5 survivors (5120K)
 Metaspace       used 19540K, committed 19840K, reserved 1114112K
  class space    used 2748K, committed 2880K, reserved 1048576K
}
Event: 3.421 GC heap before
{Heap before GC invocations=6 (full 0):
 garbage-first heap   total 76800K, used 25029K [0x00000000c3000000, 0x0000000100000000)
  region size 1024K, 17 young (17408K), 5 survivors (5120K)
 Metaspace       used 21257K, committed 21504K, reserved 1114112K
  class space    used 2982K, committed 3072K, reserved 1048576K
}
Event: 3.434 GC heap after
{Heap after GC invocations=7 (full 0):
 garbage-first heap   total 76800K, used 14904K [0x00000000c3000000, 0x0000000100000000)
  region size 1024K, 4 young (4096K), 4 survivors (4096K)
 Metaspace       used 21257K, committed 21504K, reserved 1114112K
  class space    used 2982K, committed 3072K, reserved 1048576K
}
Event: 4.366 GC heap before
{Heap before GC invocations=8 (full 0):
 garbage-first heap   total 55296K, used 43576K [0x00000000c3000000, 0x0000000100000000)
  region size 1024K, 32 young (32768K), 4 survivors (4096K)
 Metaspace       used 25396K, committed 25792K, reserved 1114112K
  class space    used 3689K, committed 3840K, reserved 1048576K
}
Event: 4.381 GC heap after
{Heap after GC invocations=9 (full 0):
 garbage-first heap   total 55296K, used 17815K [0x00000000c3000000, 0x0000000100000000)
  region size 1024K, 4 young (4096K), 4 survivors (4096K)
 Metaspace       used 25396K, committed 25792K, reserved 1114112K
  class space    used 3689K, committed 3840K, reserved 1048576K
}
Event: 4.403 GC heap before
{Heap before GC invocations=9 (full 0):
 garbage-first heap   total 55296K, used 18839K [0x00000000c3000000, 0x0000000100000000)
  region size 1024K, 5 young (5120K), 4 survivors (4096K)
 Metaspace       used 25515K, committed 25920K, reserved 1114112K
  class space    used 3722K, committed 3904K, reserved 1048576K
}
Event: 4.413 GC heap after
{Heap after GC invocations=10 (full 0):
 garbage-first heap   total 55296K, used 17570K [0x00000000c3000000, 0x0000000100000000)
  region size 1024K, 1 young (1024K), 1 survivors (1024K)
 Metaspace       used 25515K, committed 25920K, reserved 1114112K
  class space    used 3722K, committed 3904K, reserved 1048576K
}
Event: 5.102 GC heap before
{Heap before GC invocations=10 (full 0):
 garbage-first heap   total 55296K, used 41122K [0x00000000c3000000, 0x0000000100000000)
  region size 1024K, 24 young (24576K), 1 survivors (1024K)
 Metaspace       used 28761K, committed 29184K, reserved 1114112K
  class space    used 4123K, committed 4288K, reserved 1048576K
}
Event: 5.108 GC heap after
{Heap after GC invocations=11 (full 0):
 garbage-first heap   total 55296K, used 18546K [0x00000000c3000000, 0x0000000100000000)
  region size 1024K, 2 young (2048K), 2 survivors (2048K)
 Metaspace       used 28761K, committed 29184K, reserved 1114112K
  class space    used 4123K, committed 4288K, reserved 1048576K
}
Event: 5.810 GC heap before
{Heap before GC invocations=11 (full 0):
 garbage-first heap   total 55296K, used 40050K [0x00000000c3000000, 0x0000000100000000)
  region size 1024K, 24 young (24576K), 2 survivors (2048K)
 Metaspace       used 33629K, committed 34112K, reserved 1114112K
  class space    used 4855K, committed 5056K, reserved 1048576K
}
Event: 5.817 GC heap after
{Heap after GC invocations=12 (full 0):
 garbage-first heap   total 55296K, used 19661K [0x00000000c3000000, 0x0000000100000000)
  region size 1024K, 3 young (3072K), 3 survivors (3072K)
 Metaspace       used 33629K, committed 34112K, reserved 1114112K
  class space    used 4855K, committed 5056K, reserved 1048576K
}
Event: 6.089 GC heap before
{Heap before GC invocations=12 (full 0):
 garbage-first heap   total 55296K, used 27853K [0x00000000c3000000, 0x0000000100000000)
  region size 1024K, 12 young (12288K), 3 survivors (3072K)
 Metaspace       used 35546K, committed 35968K, reserved 1114112K
  class space    used 5210K, committed 5376K, reserved 1048576K
}
Event: 6.098 GC heap after
{Heap after GC invocations=13 (full 0):
 garbage-first heap   total 55296K, used 20193K [0x00000000c3000000, 0x0000000100000000)
  region size 1024K, 2 young (2048K), 2 survivors (2048K)
 Metaspace       used 35546K, committed 35968K, reserved 1114112K
  class space    used 5210K, committed 5376K, reserved 1048576K
}

