# JRE version: Java(TM) SE Runtime Environment (17.0.12+8) (build 17.0.12+8-LTS-286)
# Java VM: Java HotSpot(TM) 64-Bit Server VM (17.0.12+8-LTS-286, mixed mode, sharing, tiered, compressed oops, compressed class ptrs, g1 gc, windows-amd64)
GC Precious Log:
 CPUs: 2 total, 2 available
 Memory: 3899M
 Large Page Support: Disabled
 NUMA Support: Disabled
 Compressed Oops: Enabled (32-bit)
 Heap Region Size: 1M
 Heap Min Capacity: 8M
 Heap Initial Capacity: 62M
 Heap Max Capacity: 976M
 Pre-touch: Disabled
 Parallel Workers: 2
 Concurrent Workers: 1
 Concurrent Refinement Workers: 2
 Periodic GC: Disabled
Heap:
 garbage-first heap   total 55296K, used 21468K [0x00000000c3000000, 0x0000000100000000)
  region size 1024K, 6 young (6144K), 2 survivors (2048K)
 Metaspace       used 31102K, committed 31488K, reserved 1114112K
  class space    used 4069K, committed 4288K, reserved 1048576K
GC Heap History (18 events):
Event: 0.454 GC heap before
{Heap before GC invocations=0 (full 0):
 garbage-first heap   total 63488K, used 6144K [0x00000000c3000000, 0x0000000100000000)
  region size 1024K, 6 young (6144K), 0 survivors (0K)
 Metaspace       used 442K, committed 576K, reserved 1114112K
  class space    used 20K, committed 128K, reserved 1048576K
}
Event: 0.458 GC heap after
{Heap after GC invocations=1 (full 0):
 garbage-first heap   total 63488K, used 5366K [0x00000000c3000000, 0x0000000100000000)
  region size 1024K, 1 young (1024K), 1 survivors (1024K)
 Metaspace       used 442K, committed 576K, reserved 1114112K
  class space    used 20K, committed 128K, reserved 1048576K
}
Event: 0.753 GC heap before
{Heap before GC invocations=1 (full 0):
 garbage-first heap   total 63488K, used 8438K [0x00000000c3000000, 0x0000000100000000)
  region size 1024K, 4 young (4096K), 1 survivors (1024K)
 Metaspace       used 2048K, committed 2176K, reserved 1114112K
  class space    used 178K, committed 256K, reserved 1048576K
}
Event: 0.756 GC heap after
{Heap after GC invocations=2 (full 0):
 garbage-first heap   total 63488K, used 6149K [0x00000000c3000000, 0x0000000100000000)
  region size 1024K, 1 young (1024K), 1 survivors (1024K)
 Metaspace       used 2048K, committed 2176K, reserved 1114112K
  class space    used 178K, committed 256K, reserved 1048576K
}
Event: 1.403 GC heap before
{Heap before GC invocations=2 (full 0):
 garbage-first heap   total 63488K, used 14341K [0x00000000c3000000, 0x0000000100000000)
  region size 1024K, 9 young (9216K), 1 survivors (1024K)
 Metaspace       used 4813K, committed 4992K, reserved 1114112K
  class space    used 549K, committed 640K, reserved 1048576K
}
Event: 1.407 GC heap after
{Heap after GC invocations=3 (full 0):
 garbage-first heap   total 63488K, used 6998K [0x00000000c3000000, 0x0000000100000000)
  region size 1024K, 2 young (2048K), 2 survivors (2048K)
 Metaspace       used 4813K, committed 4992K, reserved 1114112K
  class space    used 549K, committed 640K, reserved 1048576K
}
Event: 2.566 GC heap before
{Heap before GC invocations=3 (full 0):
 garbage-first heap   total 63488K, used 22358K [0x00000000c3000000, 0x0000000100000000)
  region size 1024K, 18 young (18432K), 2 survivors (2048K)
 Metaspace       used 8747K, committed 8960K, reserved 1114112K
  class space    used 1114K, committed 1216K, reserved 1048576K
}
Event: 2.572 GC heap after
{Heap after GC invocations=4 (full 0):
 garbage-first heap   total 63488K, used 8443K [0x00000000c3000000, 0x0000000100000000)
  region size 1024K, 3 young (3072K), 3 survivors (3072K)
 Metaspace       used 8747K, committed 8960K, reserved 1114112K
  class space    used 1114K, committed 1216K, reserved 1048576K
}
Event: 5.148 GC heap before
{Heap before GC invocations=4 (full 0):
 garbage-first heap   total 63488K, used 39163K [0x00000000c3000000, 0x0000000100000000)
  region size 1024K, 33 young (33792K), 3 survivors (3072K)
 Metaspace       used 15906K, committed 16128K, reserved 1114112K
  class space    used 2034K, committed 2176K, reserved 1048576K
}
Event: 5.161 GC heap after
{Heap after GC invocations=5 (full 0):
 garbage-first heap   total 63488K, used 10920K [0x00000000c3000000, 0x0000000100000000)
  region size 1024K, 5 young (5120K), 5 survivors (5120K)
 Metaspace       used 15906K, committed 16128K, reserved 1114112K
  class space    used 2034K, committed 2176K, reserved 1048576K
}
Event: 11.202 GC heap before
{Heap before GC invocations=5 (full 0):
 garbage-first heap   total 63488K, used 41640K [0x00000000c3000000, 0x0000000100000000)
  region size 1024K, 36 young (36864K), 5 survivors (5120K)
 Metaspace       used 20940K, committed 21248K, reserved 1114112K
  class space    used 2665K, committed 2816K, reserved 1048576K
}
Event: 11.220 GC heap after
{Heap after GC invocations=6 (full 0):
 garbage-first heap   total 63488K, used 13888K [0x00000000c3000000, 0x0000000100000000)
  region size 1024K, 5 young (5120K), 5 survivors (5120K)
 Metaspace       used 20940K, committed 21248K, reserved 1114112K
  class space    used 2665K, committed 2816K, reserved 1048576K
}
Event: 12.268 GC heap before
{Heap before GC invocations=6 (full 0):
 garbage-first heap   total 63488K, used 15936K [0x00000000c3000000, 0x0000000100000000)
  region size 1024K, 8 young (8192K), 5 survivors (5120K)
 Metaspace       used 21278K, committed 21504K, reserved 1114112K
  class space    used 2713K, committed 2816K, reserved 1048576K
}
Event: 12.280 GC heap after
{Heap after GC invocations=7 (full 0):
 garbage-first heap   total 63488K, used 14685K [0x00000000c3000000, 0x0000000100000000)
  region size 1024K, 1 young (1024K), 1 survivors (1024K)
 Metaspace       used 21278K, committed 21504K, reserved 1114112K
  class space    used 2713K, committed 2816K, reserved 1048576K
}
Event: 22.516 GC heap before
{Heap before GC invocations=8 (full 0):
 garbage-first heap   total 55296K, used 45405K [0x00000000c3000000, 0x0000000100000000)
  region size 1024K, 31 young (31744K), 1 survivors (1024K)
 Metaspace       used 26311K, committed 26688K, reserved 1114112K
  class space    used 3430K, committed 3648K, reserved 1048576K
}
Event: 22.526 GC heap after
{Heap after GC invocations=9 (full 0):
 garbage-first heap   total 55296K, used 16466K [0x00000000c3000000, 0x0000000100000000)
  region size 1024K, 3 young (3072K), 3 survivors (3072K)
 Metaspace       used 26311K, committed 26688K, reserved 1114112K
  class space    used 3430K, committed 3648K, reserved 1048576K
}
Event: 32.457 GC heap before
{Heap before GC invocations=9 (full 0):
 garbage-first heap   total 55296K, used 40018K [0x00000000c3000000, 0x0000000100000000)
  region size 1024K, 26 young (26624K), 3 survivors (3072K)
 Metaspace       used 30782K, committed 31232K, reserved 1114112K
  class space    used 4021K, committed 4224K, reserved 1048576K
}
Event: 32.482 GC heap after
{Heap after GC invocations=10 (full 0):
 garbage-first heap   total 55296K, used 18396K [0x00000000c3000000, 0x0000000100000000)
  region size 1024K, 2 young (2048K), 2 survivors (2048K)
 Metaspace       used 30782K, committed 31232K, reserved 1114112K
  class space    used 4021K, committed 4224K, reserved 1048576K
}

