# JRE version: OpenJDK Runtime Environment Temurin-17.0.13+11 (17.0.13+11) (build 17.0.13+11)
# Java VM: OpenJDK 64-Bit Server VM Temurin-17.0.13+11 (17.0.13+11, mixed mode, tiered, compressed oops, compressed class ptrs, parallel gc, windows-amd64)
GC Precious Log:
 CPUs: 2 total, 2 available
 Memory: 3899M
 Large Page Support: Disabled
 NUMA Support: Disabled
 Compressed Oops: Enabled (32-bit)
 Alignments: Space 512K, Generation 512K, Heap 2M
 Heap Min Capacity: 100M
 Heap Initial Capacity: 100M
 Heap Max Capacity: 1G
 Pre-touch: Disabled
 Parallel Workers: 2
Heap:
 PSYoungGen      total 12800K, used 7366K [0x00000000eab00000, 0x00000000ebd00000, 0x0000000100000000)
  eden space 8704K, 43% used [0x00000000eab00000,0x00000000eaeab048,0x00000000eb380000)
  from space 4096K, 88% used [0x00000000eb900000,0x00000000ebc86a20,0x00000000ebd00000)
  to   space 4096K, 0% used [0x00000000eb500000,0x00000000eb500000,0x00000000eb900000)
 ParOldGen       total 264192K, used 261584K [0x00000000c0000000, 0x00000000d0200000, 0x00000000eab00000)
  object space 264192K, 99% used [0x00000000c0000000,0x00000000cff743f0,0x00000000d0200000)
 Metaspace       used 79218K, committed 80512K, reserved 1179648K
  class space    used 8266K, committed 8832K, reserved 1048576K
GC Heap History (20 events):
Event: 238.291 GC heap before
{Heap before GC invocations=220 (full 12):
 PSYoungGen      total 9216K, used 8909K [0x00000000eab00000, 0x00000000eb880000, 0x0000000100000000)
  eden space 6144K, 100% used [0x00000000eab00000,0x00000000eb100000,0x00000000eb100000)
  from space 3072K, 90% used [0x00000000eb580000,0x00000000eb833510,0x00000000eb880000)
  to   space 3584K, 0% used [0x00000000eb180000,0x00000000eb180000,0x00000000eb500000)
 ParOldGen       total 264192K, used 247151K [0x00000000c0000000, 0x00000000d0200000, 0x00000000eab00000)
  object space 264192K, 93% used [0x00000000c0000000,0x00000000cf15be68,0x00000000d0200000)
 Metaspace       used 79218K, committed 80512K, reserved 1179648K
  class space    used 8266K, committed 8832K, reserved 1048576K
}
Event: 238.296 GC heap after
{Heap after GC invocations=220 (full 12):
 PSYoungGen      total 9728K, used 3554K [0x00000000eab00000, 0x00000000eba00000, 0x0000000100000000)
  eden space 6144K, 0% used [0x00000000eab00000,0x00000000eab00000,0x00000000eb100000)
  from space 3584K, 99% used [0x00000000eb180000,0x00000000eb4f88a8,0x00000000eb500000)
  to   space 4608K, 0% used [0x00000000eb580000,0x00000000eb580000,0x00000000eba00000)
 ParOldGen       total 264192K, used 247714K [0x00000000c0000000, 0x00000000d0200000, 0x00000000eab00000)
  object space 264192K, 93% used [0x00000000c0000000,0x00000000cf1e89b0,0x00000000d0200000)
 Metaspace       used 79218K, committed 80512K, reserved 1179648K
  class space    used 8266K, committed 8832K, reserved 1048576K
}
Event: 238.417 GC heap before
{Heap before GC invocations=221 (full 12):
 PSYoungGen      total 9728K, used 9698K [0x00000000eab00000, 0x00000000eba00000, 0x0000000100000000)
  eden space 6144K, 100% used [0x00000000eab00000,0x00000000eb100000,0x00000000eb100000)
  from space 3584K, 99% used [0x00000000eb180000,0x00000000eb4f88a8,0x00000000eb500000)
  to   space 4608K, 0% used [0x00000000eb580000,0x00000000eb580000,0x00000000eba00000)
 ParOldGen       total 264192K, used 247714K [0x00000000c0000000, 0x00000000d0200000, 0x00000000eab00000)
  object space 264192K, 93% used [0x00000000c0000000,0x00000000cf1e89b0,0x00000000d0200000)
 Metaspace       used 79218K, committed 80512K, reserved 1179648K
  class space    used 8266K, committed 8832K, reserved 1048576K
}
Event: 238.424 GC heap after
{Heap after GC invocations=221 (full 12):
 PSYoungGen      total 9216K, used 2620K [0x00000000eab00000, 0x00000000eb880000, 0x0000000100000000)
  eden space 6144K, 0% used [0x00000000eab00000,0x00000000eab00000,0x00000000eb100000)
  from space 3072K, 85% used [0x00000000eb580000,0x00000000eb80f0c0,0x00000000eb880000)
  to   space 3584K, 0% used [0x00000000eb180000,0x00000000eb180000,0x00000000eb500000)
 ParOldGen       total 264192K, used 249966K [0x00000000c0000000, 0x00000000d0200000, 0x00000000eab00000)
  object space 264192K, 94% used [0x00000000c0000000,0x00000000cf41bb38,0x00000000d0200000)
 Metaspace       used 79218K, committed 80512K, reserved 1179648K
  class space    used 8266K, committed 8832K, reserved 1048576K
}
Event: 238.674 GC heap before
{Heap before GC invocations=222 (full 12):
 PSYoungGen      total 9216K, used 8764K [0x00000000eab00000, 0x00000000eb880000, 0x0000000100000000)
  eden space 6144K, 100% used [0x00000000eab00000,0x00000000eb100000,0x00000000eb100000)
  from space 3072K, 85% used [0x00000000eb580000,0x00000000eb80f0c0,0x00000000eb880000)
  to   space 3584K, 0% used [0x00000000eb180000,0x00000000eb180000,0x00000000eb500000)
 ParOldGen       total 264192K, used 249966K [0x00000000c0000000, 0x00000000d0200000, 0x00000000eab00000)
  object space 264192K, 94% used [0x00000000c0000000,0x00000000cf41bb38,0x00000000d0200000)
 Metaspace       used 79218K, committed 80512K, reserved 1179648K
  class space    used 8266K, committed 8832K, reserved 1048576K
}
Event: 238.679 GC heap after
{Heap after GC invocations=222 (full 12):
 PSYoungGen      total 9728K, used 3579K [0x00000000eab00000, 0x00000000eba00000, 0x0000000100000000)
  eden space 6144K, 0% used [0x00000000eab00000,0x00000000eab00000,0x00000000eb100000)
  from space 3584K, 99% used [0x00000000eb180000,0x00000000eb4fee18,0x00000000eb500000)
  to   space 4608K, 0% used [0x00000000eb580000,0x00000000eb580000,0x00000000eba00000)
 ParOldGen       total 264192K, used 250356K [0x00000000c0000000, 0x00000000d0200000, 0x00000000eab00000)
  object space 264192K, 94% used [0x00000000c0000000,0x00000000cf47d0a8,0x00000000d0200000)
 Metaspace       used 79218K, committed 80512K, reserved 1179648K
  class space    used 8266K, committed 8832K, reserved 1048576K
}
Event: 238.856 GC heap before
{Heap before GC invocations=223 (full 12):
 PSYoungGen      total 9728K, used 9723K [0x00000000eab00000, 0x00000000eba00000, 0x0000000100000000)
  eden space 6144K, 100% used [0x00000000eab00000,0x00000000eb100000,0x00000000eb100000)
  from space 3584K, 99% used [0x00000000eb180000,0x00000000eb4fee18,0x00000000eb500000)
  to   space 4608K, 0% used [0x00000000eb580000,0x00000000eb580000,0x00000000eba00000)
 ParOldGen       total 264192K, used 250356K [0x00000000c0000000, 0x00000000d0200000, 0x00000000eab00000)
  object space 264192K, 94% used [0x00000000c0000000,0x00000000cf47d0a8,0x00000000d0200000)
 Metaspace       used 79218K, committed 80512K, reserved 1179648K
  class space    used 8266K, committed 8832K, reserved 1048576K
}
Event: 238.865 GC heap after
{Heap after GC invocations=223 (full 12):
 PSYoungGen      total 9216K, used 2685K [0x00000000eab00000, 0x00000000eb880000, 0x0000000100000000)
  eden space 6144K, 0% used [0x00000000eab00000,0x00000000eab00000,0x00000000eb100000)
  from space 3072K, 87% used [0x00000000eb580000,0x00000000eb81f4e8,0x00000000eb880000)
  to   space 3584K, 0% used [0x00000000eb180000,0x00000000eb180000,0x00000000eb500000)
 ParOldGen       total 264192K, used 252609K [0x00000000c0000000, 0x00000000d0200000, 0x00000000eab00000)
  object space 264192K, 95% used [0x00000000c0000000,0x00000000cf6b0608,0x00000000d0200000)
 Metaspace       used 79218K, committed 80512K, reserved 1179648K
  class space    used 8266K, committed 8832K, reserved 1048576K
}
Event: 239.112 GC heap before
{Heap before GC invocations=224 (full 12):
 PSYoungGen      total 9216K, used 8829K [0x00000000eab00000, 0x00000000eb880000, 0x0000000100000000)
  eden space 6144K, 100% used [0x00000000eab00000,0x00000000eb100000,0x00000000eb100000)
  from space 3072K, 87% used [0x00000000eb580000,0x00000000eb81f4e8,0x00000000eb880000)
  to   space 3584K, 0% used [0x00000000eb180000,0x00000000eb180000,0x00000000eb500000)
 ParOldGen       total 264192K, used 252609K [0x00000000c0000000, 0x00000000d0200000, 0x00000000eab00000)
  object space 264192K, 95% used [0x00000000c0000000,0x00000000cf6b0608,0x00000000d0200000)
 Metaspace       used 79218K, committed 80512K, reserved 1179648K
  class space    used 8266K, committed 8832K, reserved 1048576K
}
Event: 239.120 GC heap after
{Heap after GC invocations=224 (full 12):
 PSYoungGen      total 9728K, used 3556K [0x00000000eab00000, 0x00000000eba00000, 0x0000000100000000)
  eden space 6144K, 0% used [0x00000000eab00000,0x00000000eab00000,0x00000000eb100000)
  from space 3584K, 99% used [0x00000000eb180000,0x00000000eb4f9230,0x00000000eb500000)
  to   space 4608K, 0% used [0x00000000eb580000,0x00000000eb580000,0x00000000eba00000)
 ParOldGen       total 264192K, used 253158K [0x00000000c0000000, 0x00000000d0200000, 0x00000000eab00000)
  object space 264192K, 95% used [0x00000000c0000000,0x00000000cf7398a8,0x00000000d0200000)
 Metaspace       used 79218K, committed 80512K, reserved 1179648K
  class space    used 8266K, committed 8832K, reserved 1048576K
}
Event: 239.409 GC heap before
{Heap before GC invocations=225 (full 12):
 PSYoungGen      total 9728K, used 9700K [0x00000000eab00000, 0x00000000eba00000, 0x0000000100000000)
  eden space 6144K, 100% used [0x00000000eab00000,0x00000000eb100000,0x00000000eb100000)
  from space 3584K, 99% used [0x00000000eb180000,0x00000000eb4f9230,0x00000000eb500000)
  to   space 4608K, 0% used [0x00000000eb580000,0x00000000eb580000,0x00000000eba00000)
 ParOldGen       total 264192K, used 253158K [0x00000000c0000000, 0x00000000d0200000, 0x00000000eab00000)
  object space 264192K, 95% used [0x00000000c0000000,0x00000000cf7398a8,0x00000000d0200000)
 Metaspace       used 79218K, committed 80512K, reserved 1179648K
  class space    used 8266K, committed 8832K, reserved 1048576K
}
Event: 239.481 GC heap after
{Heap after GC invocations=225 (full 12):
 PSYoungGen      total 9216K, used 2738K [0x00000000eab00000, 0x00000000eb880000, 0x0000000100000000)
  eden space 6144K, 0% used [0x00000000eab00000,0x00000000eab00000,0x00000000eb100000)
  from space 3072K, 89% used [0x00000000eb580000,0x00000000eb82c980,0x00000000eb880000)
  to   space 3584K, 0% used [0x00000000eb180000,0x00000000eb180000,0x00000000eb500000)
 ParOldGen       total 264192K, used 255360K [0x00000000c0000000, 0x00000000d0200000, 0x00000000eab00000)
  object space 264192K, 96% used [0x00000000c0000000,0x00000000cf960080,0x00000000d0200000)
 Metaspace       used 79218K, committed 80512K, reserved 1179648K
  class space    used 8266K, committed 8832K, reserved 1048576K
}
Event: 240.938 GC heap before
{Heap before GC invocations=226 (full 12):
 PSYoungGen      total 9216K, used 8882K [0x00000000eab00000, 0x00000000eb880000, 0x0000000100000000)
  eden space 6144K, 100% used [0x00000000eab00000,0x00000000eb100000,0x00000000eb100000)
  from space 3072K, 89% used [0x00000000eb580000,0x00000000eb82c980,0x00000000eb880000)
  to   space 3584K, 0% used [0x00000000eb180000,0x00000000eb180000,0x00000000eb500000)
 ParOldGen       total 264192K, used 255360K [0x00000000c0000000, 0x00000000d0200000, 0x00000000eab00000)
  object space 264192K, 96% used [0x00000000c0000000,0x00000000cf960080,0x00000000d0200000)
 Metaspace       used 79218K, committed 80512K, reserved 1179648K
  class space    used 8266K, committed 8832K, reserved 1048576K
}
Event: 241.175 GC heap after
{Heap after GC invocations=226 (full 12):
 PSYoungGen      total 10240K, used 3566K [0x00000000eab00000, 0x00000000ebb00000, 0x0000000100000000)
  eden space 6656K, 0% used [0x00000000eab00000,0x00000000eab00000,0x00000000eb180000)
  from space 3584K, 99% used [0x00000000eb180000,0x00000000eb4fbb20,0x00000000eb500000)
  to   space 4608K, 0% used [0x00000000eb680000,0x00000000eb680000,0x00000000ebb00000)
 ParOldGen       total 264192K, used 255959K [0x00000000c0000000, 0x00000000d0200000, 0x00000000eab00000)
  object space 264192K, 96% used [0x00000000c0000000,0x00000000cf9f5d50,0x00000000d0200000)
 Metaspace       used 79218K, committed 80512K, reserved 1179648K
  class space    used 8266K, committed 8832K, reserved 1048576K
}
Event: 241.569 GC heap before
{Heap before GC invocations=227 (full 12):
 PSYoungGen      total 10240K, used 10222K [0x00000000eab00000, 0x00000000ebb00000, 0x0000000100000000)
  eden space 6656K, 100% used [0x00000000eab00000,0x00000000eb180000,0x00000000eb180000)
  from space 3584K, 99% used [0x00000000eb180000,0x00000000eb4fbb20,0x00000000eb500000)
  to   space 4608K, 0% used [0x00000000eb680000,0x00000000eb680000,0x00000000ebb00000)
 ParOldGen       total 264192K, used 255959K [0x00000000c0000000, 0x00000000d0200000, 0x00000000eab00000)
  object space 264192K, 96% used [0x00000000c0000000,0x00000000cf9f5d50,0x00000000d0200000)
 Metaspace       used 79218K, committed 80512K, reserved 1179648K
  class space    used 8266K, committed 8832K, reserved 1048576K
}
Event: 241.615 GC heap after
{Heap after GC invocations=227 (full 12):
 PSYoungGen      total 10752K, used 2769K [0x00000000eab00000, 0x00000000eb980000, 0x0000000100000000)
  eden space 7680K, 0% used [0x00000000eab00000,0x00000000eab00000,0x00000000eb280000)
  from space 3072K, 90% used [0x00000000eb680000,0x00000000eb934620,0x00000000eb980000)
  to   space 3584K, 0% used [0x00000000eb280000,0x00000000eb280000,0x00000000eb600000)
 ParOldGen       total 264192K, used 258238K [0x00000000c0000000, 0x00000000d0200000, 0x00000000eab00000)
  object space 264192K, 97% used [0x00000000c0000000,0x00000000cfc2f898,0x00000000d0200000)
 Metaspace       used 79218K, committed 80512K, reserved 1179648K
  class space    used 8266K, committed 8832K, reserved 1048576K
}
Event: 241.963 GC heap before
{Heap before GC invocations=228 (full 12):
 PSYoungGen      total 10752K, used 10423K [0x00000000eab00000, 0x00000000eb980000, 0x0000000100000000)
  eden space 7680K, 99% used [0x00000000eab00000,0x00000000eb279780,0x00000000eb280000)
  from space 3072K, 90% used [0x00000000eb680000,0x00000000eb934620,0x00000000eb980000)
  to   space 3584K, 0% used [0x00000000eb280000,0x00000000eb280000,0x00000000eb600000)
 ParOldGen       total 264192K, used 258238K [0x00000000c0000000, 0x00000000d0200000, 0x00000000eab00000)
  object space 264192K, 97% used [0x00000000c0000000,0x00000000cfc2f898,0x00000000d0200000)
 Metaspace       used 79218K, committed 80512K, reserved 1179648K
  class space    used 8266K, committed 8832K, reserved 1048576K
}
Event: 242.313 GC heap after
{Heap after GC invocations=228 (full 12):
 PSYoungGen      total 11264K, used 3571K [0x00000000eab00000, 0x00000000ebe80000, 0x0000000100000000)
  eden space 7680K, 0% used [0x00000000eab00000,0x00000000eab00000,0x00000000eb280000)
  from space 3584K, 99% used [0x00000000eb280000,0x00000000eb5fce60,0x00000000eb600000)
  to   space 5632K, 0% used [0x00000000eb900000,0x00000000eb900000,0x00000000ebe80000)
 ParOldGen       total 264192K, used 259501K [0x00000000c0000000, 0x00000000d0200000, 0x00000000eab00000)
  object space 264192K, 98% used [0x00000000c0000000,0x00000000cfd6b698,0x00000000d0200000)
 Metaspace       used 79218K, committed 80512K, reserved 1179648K
  class space    used 8266K, committed 8832K, reserved 1048576K
}
Event: 242.528 GC heap before
{Heap before GC invocations=229 (full 12):
 PSYoungGen      total 11264K, used 11251K [0x00000000eab00000, 0x00000000ebe80000, 0x0000000100000000)
  eden space 7680K, 100% used [0x00000000eab00000,0x00000000eb280000,0x00000000eb280000)
  from space 3584K, 99% used [0x00000000eb280000,0x00000000eb5fce60,0x00000000eb600000)
  to   space 5632K, 0% used [0x00000000eb900000,0x00000000eb900000,0x00000000ebe80000)
 ParOldGen       total 264192K, used 259501K [0x00000000c0000000, 0x00000000d0200000, 0x00000000eab00000)
  object space 264192K, 98% used [0x00000000c0000000,0x00000000cfd6b698,0x00000000d0200000)
 Metaspace       used 79218K, committed 80512K, reserved 1179648K
  class space    used 8266K, committed 8832K, reserved 1048576K
}
Event: 242.576 GC heap after
{Heap after GC invocations=229 (full 12):
 PSYoungGen      total 12800K, used 3610K [0x00000000eab00000, 0x00000000ebd00000, 0x0000000100000000)
  eden space 8704K, 0% used [0x00000000eab00000,0x00000000eab00000,0x00000000eb380000)
  from space 4096K, 88% used [0x00000000eb900000,0x00000000ebc86a20,0x00000000ebd00000)
  to   space 4096K, 0% used [0x00000000eb500000,0x00000000eb500000,0x00000000eb900000)
 ParOldGen       total 264192K, used 261584K [0x00000000c0000000, 0x00000000d0200000, 0x00000000eab00000)
  object space 264192K, 99% used [0x00000000c0000000,0x00000000cff743f0,0x00000000d0200000)
 Metaspace       used 79218K, committed 80512K, reserved 1179648K
  class space    used 8266K, committed 8832K, reserved 1048576K
}

